{
  "numTotalTestSuites": 7,
  "numPassedTestSuites": 7,
  "numFailedTestSuites": 0,
  "numPendingTestSuites": 0,
  "numTotalTests": 34,
  "numPassedTests": 34,
  "numFailedTests": 0,
  "numPendingTests": 0,
  "numTodoTests": 0,
  "snapshot": {
    "added": 0,
    "failure": false,
    "filesAdded": 0,
    "filesRemoved": 0,
    "filesRemovedList": [],
    "filesUnmatched": 0,
    "filesUpdated": 0,
    "matched": 0,
    "total": 0,
    "unchecked": 0,
    "uncheckedKeysByFile": [],
    "unmatched": 0,
    "updated": 0,
    "didUpdate": false
  },
  "startTime": 1789684335229,
  "success": true,
  "testResults": [
    {
      "assertionResults": [
        {
          "ancestorTitles": ["ActivityPage form readiness"],
          "fullName": "ActivityPage form readiness renders form body with Lead team when lead team options have been fetched",
          "status": "passed",
          "title": "renders form body with Lead team when lead team options have been fetched",
          "duration": 476.6392999999998,
          "failureMessages": [],
          "meta": {},
          "tags": []
        },
        {
          "ancestorTitles": ["ActivityPage form readiness"],
          "fullName": "ActivityPage form readiness renders form body when activity has no leadTeamId even if lead options not fetched",
          "status": "passed",
          "title": "renders form body when activity has no leadTeamId even if lead options not fetched",
          "duration": 224.85490000000027,
          "failureMessages": [],
          "meta": {},
          "tags": []
        },
        {
          "ancestorTitles": ["ActivityPage restore button visibility"],
          "fullName": "ActivityPage restore button visibility shows Restore when status is deleted and user has DELETE_ANY",
          "status": "passed",
          "title": "shows Restore when status is deleted and user has DELETE_ANY",
          "duration": 245.50810000000092,
          "failureMessages": [],
          "meta": {},
          "tags": []
        },
        {
          "ancestorTitles": ["ActivityPage restore button visibility"],
          "fullName": "ActivityPage restore button visibility does not show Restore when status is deleted and user lacks DELETE_ANY",
          "status": "passed",
          "title": "does not show Restore when status is deleted and user lacks DELETE_ANY",
          "duration": 294.77570000000014,
          "failureMessages": [],
          "meta": {},
          "tags": []
        },
        {
          "ancestorTitles": ["ActivityPage restore button visibility"],
          "fullName": "ActivityPage restore button visibility shows Restore when status is delete_requested and user has REQUEST_DELETE and is lead-team member",
          "status": "passed",
          "title": "shows Restore when status is delete_requested and user has REQUEST_DELETE and is lead-team member",
          "duration": 319.5623000000014,
          "failureMessages": [],
          "meta": {},
          "tags": []
        },
        {
          "ancestorTitles": ["ActivityPage restore button visibility"],
          "fullName": "ActivityPage restore button visibility does not show Delete when status is deleted",
          "status": "passed",
          "title": "does not show Delete when status is deleted",
          "duration": 270.48289999999906,
          "failureMessages": [],
          "meta": {},
          "tags": []
        },
        {
          "ancestorTitles": ["ActivityPage restore button visibility"],
          "fullName": "ActivityPage restore button visibility shows Delete when status is active and user can delete",
          "status": "passed",
          "title": "shows Delete when status is active and user can delete",
          "duration": 230.2429000000011,
          "failureMessages": [],
          "meta": {},
          "tags": []
        },
        {
          "ancestorTitles": ["ActivityPage optimistic inline edit"],
          "fullName": "ActivityPage optimistic inline edit does not show Edit button (removed in optimistic model)",
          "status": "passed",
          "title": "does not show Edit button (removed in optimistic model)",
          "duration": 419.96030000000064,
          "failureMessages": [],
          "meta": {},
          "tags": []
        },
        {
          "ancestorTitles": ["ActivityPage optimistic inline edit"],
          "fullName": "ActivityPage optimistic inline edit keeps Save disabled until edit lock and dirty",
          "status": "passed",
          "title": "keeps Save disabled until edit lock and dirty",
          "duration": 349.70690000000104,
          "failureMessages": [],
          "meta": {},
          "tags": []
        },
        {
          "ancestorTitles": ["ActivityPage optimistic inline edit"],
          "fullName": "ActivityPage optimistic inline edit does not render placeholder text in the activity form",
          "status": "passed",
          "title": "does not render placeholder text in the activity form",
          "duration": 257.34870000000046,
          "failureMessages": [],
          "meta": {},
          "tags": []
        },
        {
          "ancestorTitles": ["ActivityPage optimistic inline edit"],
          "fullName": "ActivityPage optimistic inline edit shows Discard changes and enables Save after edits when lock is owned",
          "status": "passed",
          "title": "shows Discard changes and enables Save after edits when lock is owned",
          "duration": 945.0992000000006,
          "failureMessages": [],
          "meta": {},
          "tags": []
        },
        {
          "ancestorTitles": ["ActivityPage optimistic inline edit"],
          "fullName": "ActivityPage optimistic inline edit discards custom-control edits via DiscardActivityChangesDialog when lock is owned",
          "status": "passed",
          "title": "discards custom-control edits via DiscardActivityChangesDialog when lock is owned",
          "duration": 949.9627,
          "failureMessages": [],
          "meta": {},
          "tags": []
        },
        {
          "ancestorTitles": ["ActivityPage optimistic inline edit"],
          "fullName": "ActivityPage optimistic inline edit shows Review when user has activities.review",
          "status": "passed",
          "title": "shows Review when user has activities.review",
          "duration": 253.6803,
          "failureMessages": [],
          "meta": {},
          "tags": []
        },
        {
          "ancestorTitles": ["ActivityPage optimistic inline edit"],
          "fullName": "ActivityPage optimistic inline edit does not show Review without activities.review",
          "status": "passed",
          "title": "does not show Review without activities.review",
          "duration": 358.33210000000145,
          "failureMessages": [],
          "meta": {},
          "tags": []
        },
        {
          "ancestorTitles": ["ActivityPage optimistic inline edit"],
          "fullName": "ActivityPage optimistic inline edit typing in a text field triggers lock acquisition",
          "status": "passed",
          "title": "typing in a text field triggers lock acquisition",
          "duration": 611.5077000000001,
          "failureMessages": [],
          "meta": {},
          "tags": []
        },
        {
          "ancestorTitles": ["ActivityPage optimistic inline edit"],
          "fullName": "ActivityPage optimistic inline edit does not acquire edit lock while initial lock status is still checking",
          "status": "passed",
          "title": "does not acquire edit lock while initial lock status is still checking",
          "duration": 595.2103999999999,
          "failureMessages": [],
          "meta": {},
          "tags": []
        },
        {
          "ancestorTitles": ["ActivityPage optimistic inline edit"],
          "fullName": "ActivityPage optimistic inline edit does not acquire edit lock from intent while lock state is acquiring",
          "status": "passed",
          "title": "does not acquire edit lock from intent while lock state is acquiring",
          "duration": 358.5715999999993,
          "failureMessages": [],
          "meta": {},
          "tags": []
        },
        {
          "ancestorTitles": ["ActivityPage optimistic inline edit"],
          "fullName": "ActivityPage optimistic inline edit resets form and shows error toast when lock acquisition fails",
          "status": "passed",
          "title": "resets form and shows error toast when lock acquisition fails",
          "duration": 682.3251999999993,
          "failureMessages": [],
          "meta": {},
          "tags": []
        },
        {
          "ancestorTitles": ["ActivityPage optimistic inline edit"],
          "fullName": "ActivityPage optimistic inline edit form controls are enabled for optimistic edit when user may edit",
          "status": "passed",
          "title": "form controls are enabled for optimistic edit when user may edit",
          "duration": 227.71179999999913,
          "failureMessages": [],
          "meta": {},
          "tags": []
        },
        {
          "ancestorTitles": ["ActivityPage optimistic inline edit"],
          "fullName": "ActivityPage optimistic inline edit disables form fields when API canEdit is false",
          "status": "passed",
          "title": "disables form fields when API canEdit is false",
          "duration": 193.79399999999987,
          "failureMessages": [],
          "meta": {},
          "tags": []
        },
        {
          "ancestorTitles": ["ActivityPage optimistic inline edit"],
          "fullName": "ActivityPage optimistic inline edit form is read-only when locked by another user",
          "status": "passed",
          "title": "form is read-only when locked by another user",
          "duration": 229.86659999999938,
          "failureMessages": [],
          "meta": {},
          "tags": []
        },
        {
          "ancestorTitles": ["ActivityPage optimistic inline edit"],
          "fullName": "ActivityPage optimistic inline edit form is read-only during recurring edit lockout",
          "status": "passed",
          "title": "form is read-only during recurring edit lockout",
          "duration": 350.7349000000013,
          "failureMessages": [],
          "meta": {},
          "tags": []
        },
        {
          "ancestorTitles": ["ActivityPage optimistic inline edit"],
          "fullName": "ActivityPage optimistic inline edit clears lockout banner and read-only when recurring lockout ends",
          "status": "passed",
          "title": "clears lockout banner and read-only when recurring lockout ends",
          "duration": 414.34350000000086,
          "failureMessages": [],
          "meta": {},
          "tags": []
        },
        {
          "ancestorTitles": ["ActivityPage optimistic inline edit"],
          "fullName": "ActivityPage optimistic inline edit does not show Review during recurring edit lockout",
          "status": "passed",
          "title": "does not show Review during recurring edit lockout",
          "duration": 259.6203999999998,
          "failureMessages": [],
          "meta": {},
          "tags": []
        },
        {
          "ancestorTitles": ["ActivityPage optimistic inline edit"],
          "fullName": "ActivityPage optimistic inline edit does not acquire edit lock while recurring lockout is active",
          "status": "passed",
          "title": "does not acquire edit lock while recurring lockout is active",
          "duration": 628.3450000000012,
          "failureMessages": [],
          "meta": {},
          "tags": []
        },
        {
          "ancestorTitles": ["ActivityPage clone button"],
          "fullName": "ActivityPage clone button renders Clone button for an editor with create permission and edit eligibility",
          "status": "passed",
          "title": "renders Clone button for an editor with create permission and edit eligibility",
          "duration": 241.28910000000178,
          "failureMessages": [],
          "meta": {},
          "tags": []
        },
        {
          "ancestorTitles": ["ActivityPage clone button"],
          "fullName": "ActivityPage clone button hides Clone button for view-only users (lacking edit eligibility)",
          "status": "passed",
          "title": "hides Clone button for view-only users (lacking edit eligibility)",
          "duration": 195.35039999999935,
          "failureMessages": [],
          "meta": {},
          "tags": []
        },
        {
          "ancestorTitles": ["ActivityPage clone button"],
          "fullName": "ActivityPage clone button hides Clone button when user lacks create permission",
          "status": "passed",
          "title": "hides Clone button when user lacks create permission",
          "duration": 350.0197999999982,
          "failureMessages": [],
          "meta": {},
          "tags": []
        },
        {
          "ancestorTitles": ["ActivityPage clone button"],
          "fullName": "ActivityPage clone button hides Clone button on a blocked activity when user lacks delete.any",
          "status": "passed",
          "title": "hides Clone button on a blocked activity when user lacks delete.any",
          "duration": 266.77030000000013,
          "failureMessages": [],
          "meta": {},
          "tags": []
        },
        {
          "ancestorTitles": ["ActivityPage clone button"],
          "fullName": "ActivityPage clone button disables Clone button when the activity is locked by another user",
          "status": "passed",
          "title": "disables Clone button when the activity is locked by another user",
          "duration": 230.8820999999989,
          "failureMessages": [],
          "meta": {},
          "tags": []
        },
        {
          "ancestorTitles": ["ActivityPage clone button"],
          "fullName": "ActivityPage clone button disables Clone button when the form has unsaved changes",
          "status": "passed",
          "title": "disables Clone button when the form has unsaved changes",
          "duration": 875.9961000000003,
          "failureMessages": [],
          "meta": {},
          "tags": []
        }
      ],
      "startTime": 1789684342586,
      "endTime": 1789684354895.996,
      "status": "passed",
      "message": "",
      "name": "C:/Users/acarmich/source/repos/bcs-marzipan/calendar-ui/src/pages/ActivityPage.test.tsx"
    },
    {
      "assertionResults": [
        {
          "ancestorTitles": [
            "ActivityOverviewSection field updates after hydration"
          ],
          "fullName": "ActivityOverviewSection field updates after hydration renders summary and significance as plain textareas",
          "status": "passed",
          "title": "renders summary and significance as plain textareas",
          "duration": 259.9403000000002,
          "failureMessages": [],
          "meta": {},
          "tags": []
        },
        {
          "ancestorTitles": [
            "ActivityOverviewSection field updates after hydration"
          ],
          "fullName": "ActivityOverviewSection field updates after hydration marks isIssue dirty when the Issue checkbox is clicked",
          "status": "passed",
          "title": "marks isIssue dirty when the Issue checkbox is clicked",
          "duration": 221.30049999999937,
          "failureMessages": [],
          "meta": {},
          "tags": []
        },
        {
          "ancestorTitles": [
            "ActivityOverviewSection field updates after hydration"
          ],
          "fullName": "ActivityOverviewSection field updates after hydration marks pitchRequiredStatusId dirty when FormSelectSafe value changes",
          "status": "passed",
          "title": "marks pitchRequiredStatusId dirty when FormSelectSafe value changes",
          "duration": 327.6979999999994,
          "failureMessages": [],
          "meta": {},
          "tags": []
        }
      ],
      "startTime": 1789684340606,
      "endTime": 1789684341414.698,
      "status": "passed",
      "message": "",
      "name": "C:/Users/acarmich/source/repos/bcs-marzipan/calendar-ui/src/components/activity/ActivityFormSections/ActivityOverviewSection.field-update.test.tsx"
    }
  ]
}
