{
  "numTotalTestSuites": 15,
  "numPassedTestSuites": 11,
  "numFailedTestSuites": 4,
  "numPendingTestSuites": 0,
  "numTotalTests": 47,
  "numPassedTests": 42,
  "numFailedTests": 5,
  "numPendingTests": 0,
  "numTodoTests": 0,
  "snapshot": {
    "added": 0,
    "failure": false,
    "filesAdded": 0,
    "filesRemoved": 0,
    "filesRemovedList": [],
    "filesUnmatched": 0,
    "filesUpdated": 0,
    "matched": 0,
    "total": 0,
    "unchecked": 0,
    "uncheckedKeysByFile": [],
    "unmatched": 0,
    "updated": 0,
    "didUpdate": false
  },
  "startTime": 1789681667352,
  "success": false,
  "testResults": [
    {
      "assertionResults": [
        {
          "ancestorTitles": ["ActivityPage form readiness"],
          "fullName": "ActivityPage form readiness renders form body with Lead team when lead team options have been fetched",
          "status": "passed",
          "title": "renders form body with Lead team when lead team options have been fetched",
          "duration": 657.3171000000002,
          "failureMessages": [],
          "meta": {},
          "tags": []
        },
        {
          "ancestorTitles": ["ActivityPage form readiness"],
          "fullName": "ActivityPage form readiness renders form body when activity has no leadTeamId even if lead options not fetched",
          "status": "passed",
          "title": "renders form body when activity has no leadTeamId even if lead options not fetched",
          "duration": 294.7277000000031,
          "failureMessages": [],
          "meta": {},
          "tags": []
        },
        {
          "ancestorTitles": ["ActivityPage restore button visibility"],
          "fullName": "ActivityPage restore button visibility shows Restore when status is deleted and user has DELETE_ANY",
          "status": "passed",
          "title": "shows Restore when status is deleted and user has DELETE_ANY",
          "duration": 360.28570000000036,
          "failureMessages": [],
          "meta": {},
          "tags": []
        },
        {
          "ancestorTitles": ["ActivityPage restore button visibility"],
          "fullName": "ActivityPage restore button visibility does not show Restore when status is deleted and user lacks DELETE_ANY",
          "status": "passed",
          "title": "does not show Restore when status is deleted and user lacks DELETE_ANY",
          "duration": 397.1325999999972,
          "failureMessages": [],
          "meta": {},
          "tags": []
        },
        {
          "ancestorTitles": ["ActivityPage restore button visibility"],
          "fullName": "ActivityPage restore button visibility shows Restore when status is delete_requested and user has REQUEST_DELETE and is lead-team member",
          "status": "passed",
          "title": "shows Restore when status is delete_requested and user has REQUEST_DELETE and is lead-team member",
          "duration": 312.3845000000001,
          "failureMessages": [],
          "meta": {},
          "tags": []
        },
        {
          "ancestorTitles": ["ActivityPage restore button visibility"],
          "fullName": "ActivityPage restore button visibility does not show Delete when status is deleted",
          "status": "passed",
          "title": "does not show Delete when status is deleted",
          "duration": 382.95650000000023,
          "failureMessages": [],
          "meta": {},
          "tags": []
        },
        {
          "ancestorTitles": ["ActivityPage restore button visibility"],
          "fullName": "ActivityPage restore button visibility shows Delete when status is active and user can delete",
          "status": "passed",
          "title": "shows Delete when status is active and user can delete",
          "duration": 452.9349999999977,
          "failureMessages": [],
          "meta": {},
          "tags": []
        },
        {
          "ancestorTitles": ["ActivityPage optimistic inline edit"],
          "fullName": "ActivityPage optimistic inline edit does not show Edit button (removed in optimistic model)",
          "status": "passed",
          "title": "does not show Edit button (removed in optimistic model)",
          "duration": 470.0809999999983,
          "failureMessages": [],
          "meta": {},
          "tags": []
        },
        {
          "ancestorTitles": ["ActivityPage optimistic inline edit"],
          "fullName": "ActivityPage optimistic inline edit keeps Save disabled until edit lock and dirty",
          "status": "passed",
          "title": "keeps Save disabled until edit lock and dirty",
          "duration": 491.454899999997,
          "failureMessages": [],
          "meta": {},
          "tags": []
        },
        {
          "ancestorTitles": ["ActivityPage optimistic inline edit"],
          "fullName": "ActivityPage optimistic inline edit does not render placeholder text in the activity form",
          "status": "failed",
          "title": "does not render placeholder text in the activity form",
          "duration": 459.57600000000093,
          "failureMessages": [
            "Error: \u001b[2mexpect(\u001b[22m\u001b[31melement\u001b[39m\u001b[2m).not.toHaveAttribute(\u001b[22m\u001b[32m\u001b[32m\"placeholder\"\u001b[32m\u001b[39m\u001b[2m) // element.hasAttribute(\"placeholder\")\u001b[22m\n\nExpected the element not to have attribute:\n\u001b[32m  placeholder\u001b[39m\nReceived:\n\u001b[31m  placeholder=\"\"\u001b[39m\n    at Proxy.__VITEST_EXTEND_ASSERTION__ (file:///C:/Users/acarmich/source/repos/bcs-marzipan/node_modules/@vitest/expect/dist/index.js:1888:12)\n    at Proxy.<anonymous> (file:///C:/Users/acarmich/source/repos/bcs-marzipan/node_modules/@vitest/expect/dist/index.js:1156:15)\n    at Proxy.methodWrapper (file:///C:/Users/acarmich/source/repos/bcs-marzipan/node_modules/chai/index.js:1700:25)\n    at C:/Users/acarmich/source/repos/bcs-marzipan/calendar-ui/src/pages/ActivityPage.test.tsx:513:28\n    at file:///C:/Users/acarmich/source/repos/bcs-marzipan/node_modules/@vitest/runner/dist/chunk-artifact.js:1903:20"
          ],
          "meta": {},
          "tags": []
        },
        {
          "ancestorTitles": ["ActivityPage optimistic inline edit"],
          "fullName": "ActivityPage optimistic inline edit shows Discard changes and enables Save after edits when lock is owned",
          "status": "passed",
          "title": "shows Discard changes and enables Save after edits when lock is owned",
          "duration": 1278.971000000005,
          "failureMessages": [],
          "meta": {},
          "tags": []
        },
        {
          "ancestorTitles": ["ActivityPage optimistic inline edit"],
          "fullName": "ActivityPage optimistic inline edit discards custom-control edits via DiscardActivityChangesDialog when lock is owned",
          "status": "passed",
          "title": "discards custom-control edits via DiscardActivityChangesDialog when lock is owned",
          "duration": 1632.9127000000008,
          "failureMessages": [],
          "meta": {},
          "tags": []
        },
        {
          "ancestorTitles": ["ActivityPage optimistic inline edit"],
          "fullName": "ActivityPage optimistic inline edit shows Review when user has activities.review",
          "status": "passed",
          "title": "shows Review when user has activities.review",
          "duration": 353.71540000000095,
          "failureMessages": [],
          "meta": {},
          "tags": []
        },
        {
          "ancestorTitles": ["ActivityPage optimistic inline edit"],
          "fullName": "ActivityPage optimistic inline edit does not show Review without activities.review",
          "status": "passed",
          "title": "does not show Review without activities.review",
          "duration": 418.1487999999954,
          "failureMessages": [],
          "meta": {},
          "tags": []
        },
        {
          "ancestorTitles": ["ActivityPage optimistic inline edit"],
          "fullName": "ActivityPage optimistic inline edit typing in a text field triggers lock acquisition",
          "status": "passed",
          "title": "typing in a text field triggers lock acquisition",
          "duration": 1046.7195999999967,
          "failureMessages": [],
          "meta": {},
          "tags": []
        },
        {
          "ancestorTitles": ["ActivityPage optimistic inline edit"],
          "fullName": "ActivityPage optimistic inline edit does not acquire edit lock while initial lock status is still checking",
          "status": "passed",
          "title": "does not acquire edit lock while initial lock status is still checking",
          "duration": 558.3107999999993,
          "failureMessages": [],
          "meta": {},
          "tags": []
        },
        {
          "ancestorTitles": ["ActivityPage optimistic inline edit"],
          "fullName": "ActivityPage optimistic inline edit does not acquire edit lock from intent while lock state is acquiring",
          "status": "passed",
          "title": "does not acquire edit lock from intent while lock state is acquiring",
          "duration": 655.375199999995,
          "failureMessages": [],
          "meta": {},
          "tags": []
        },
        {
          "ancestorTitles": ["ActivityPage optimistic inline edit"],
          "fullName": "ActivityPage optimistic inline edit resets form and shows error toast when lock acquisition fails",
          "status": "passed",
          "title": "resets form and shows error toast when lock acquisition fails",
          "duration": 953.4354999999996,
          "failureMessages": [],
          "meta": {},
          "tags": []
        },
        {
          "ancestorTitles": ["ActivityPage optimistic inline edit"],
          "fullName": "ActivityPage optimistic inline edit form controls are enabled for optimistic edit when user may edit",
          "status": "passed",
          "title": "form controls are enabled for optimistic edit when user may edit",
          "duration": 284.20520000000397,
          "failureMessages": [],
          "meta": {},
          "tags": []
        },
        {
          "ancestorTitles": ["ActivityPage optimistic inline edit"],
          "fullName": "ActivityPage optimistic inline edit disables form fields when API canEdit is false",
          "status": "passed",
          "title": "disables form fields when API canEdit is false",
          "duration": 268.3197,
          "failureMessages": [],
          "meta": {},
          "tags": []
        },
        {
          "ancestorTitles": ["ActivityPage optimistic inline edit"],
          "fullName": "ActivityPage optimistic inline edit form is read-only when locked by another user",
          "status": "passed",
          "title": "form is read-only when locked by another user",
          "duration": 397.65639999999985,
          "failureMessages": [],
          "meta": {},
          "tags": []
        },
        {
          "ancestorTitles": ["ActivityPage optimistic inline edit"],
          "fullName": "ActivityPage optimistic inline edit form is read-only during recurring edit lockout",
          "status": "passed",
          "title": "form is read-only during recurring edit lockout",
          "duration": 382.4650000000038,
          "failureMessages": [],
          "meta": {},
          "tags": []
        },
        {
          "ancestorTitles": ["ActivityPage optimistic inline edit"],
          "fullName": "ActivityPage optimistic inline edit clears lockout banner and read-only when recurring lockout ends",
          "status": "passed",
          "title": "clears lockout banner and read-only when recurring lockout ends",
          "duration": 677.6426999999967,
          "failureMessages": [],
          "meta": {},
          "tags": []
        },
        {
          "ancestorTitles": ["ActivityPage optimistic inline edit"],
          "fullName": "ActivityPage optimistic inline edit does not show Review during recurring edit lockout",
          "status": "passed",
          "title": "does not show Review during recurring edit lockout",
          "duration": 515.0817000000025,
          "failureMessages": [],
          "meta": {},
          "tags": []
        },
        {
          "ancestorTitles": ["ActivityPage optimistic inline edit"],
          "fullName": "ActivityPage optimistic inline edit does not acquire edit lock while recurring lockout is active",
          "status": "passed",
          "title": "does not acquire edit lock while recurring lockout is active",
          "duration": 783.7926000000007,
          "failureMessages": [],
          "meta": {},
          "tags": []
        },
        {
          "ancestorTitles": ["ActivityPage clone button"],
          "fullName": "ActivityPage clone button renders Clone button for an editor with create permission and edit eligibility",
          "status": "passed",
          "title": "renders Clone button for an editor with create permission and edit eligibility",
          "duration": 316.10639999999694,
          "failureMessages": [],
          "meta": {},
          "tags": []
        },
        {
          "ancestorTitles": ["ActivityPage clone button"],
          "fullName": "ActivityPage clone button hides Clone button for view-only users (lacking edit eligibility)",
          "status": "passed",
          "title": "hides Clone button for view-only users (lacking edit eligibility)",
          "duration": 403.5332999999955,
          "failureMessages": [],
          "meta": {},
          "tags": []
        },
        {
          "ancestorTitles": ["ActivityPage clone button"],
          "fullName": "ActivityPage clone button hides Clone button when user lacks create permission",
          "status": "passed",
          "title": "hides Clone button when user lacks create permission",
          "duration": 406.3914999999979,
          "failureMessages": [],
          "meta": {},
          "tags": []
        },
        {
          "ancestorTitles": ["ActivityPage clone button"],
          "fullName": "ActivityPage clone button hides Clone button on a blocked activity when user lacks delete.any",
          "status": "passed",
          "title": "hides Clone button on a blocked activity when user lacks delete.any",
          "duration": 232.78369999999995,
          "failureMessages": [],
          "meta": {},
          "tags": []
        },
        {
          "ancestorTitles": ["ActivityPage clone button"],
          "fullName": "ActivityPage clone button disables Clone button when the activity is locked by another user",
          "status": "passed",
          "title": "disables Clone button when the activity is locked by another user",
          "duration": 379.9441999999981,
          "failureMessages": [],
          "meta": {},
          "tags": []
        },
        {
          "ancestorTitles": ["ActivityPage clone button"],
          "fullName": "ActivityPage clone button disables Clone button when the form has unsaved changes",
          "status": "passed",
          "title": "disables Clone button when the form has unsaved changes",
          "duration": 1363.6428000000014,
          "failureMessages": [],
          "meta": {},
          "tags": []
        }
      ],
      "startTime": 1789681708551,
      "endTime": 1789681726139.6428,
      "status": "failed",
      "message": "",
      "name": "C:/Users/acarmich/source/repos/bcs-marzipan/calendar-ui/src/pages/ActivityPage.test.tsx"
    },
    {
      "assertionResults": [
        {
          "ancestorTitles": ["CreateActivityForm recurring lockout"],
          "fullName": "CreateActivityForm recurring lockout disables fields and submit during recurring edit lockout",
          "status": "passed",
          "title": "disables fields and submit during recurring edit lockout",
          "duration": 205.09449999999924,
          "failureMessages": [],
          "meta": {},
          "tags": []
        }
      ],
      "startTime": 1789681708043,
      "endTime": 1789681708248.0945,
      "status": "passed",
      "message": "",
      "name": "C:/Users/acarmich/source/repos/bcs-marzipan/calendar-ui/src/pages/CreateActivityForm.test.tsx"
    },
    {
      "assertionResults": [
        {
          "ancestorTitles": [
            "ActivityOverviewSection field updates after hydration"
          ],
          "fullName": "ActivityOverviewSection field updates after hydration renders summary and significance as plain textareas",
          "status": "passed",
          "title": "renders summary and significance as plain textareas",
          "duration": 413.5031000000017,
          "failureMessages": [],
          "meta": {},
          "tags": []
        },
        {
          "ancestorTitles": [
            "ActivityOverviewSection field updates after hydration"
          ],
          "fullName": "ActivityOverviewSection field updates after hydration marks isIssue dirty when the Issue checkbox is clicked",
          "status": "passed",
          "title": "marks isIssue dirty when the Issue checkbox is clicked",
          "duration": 362.48739999999816,
          "failureMessages": [],
          "meta": {},
          "tags": []
        },
        {
          "ancestorTitles": [
            "ActivityOverviewSection field updates after hydration"
          ],
          "fullName": "ActivityOverviewSection field updates after hydration marks pitchRequiredStatusId dirty when FormSelectSafe value changes",
          "status": "passed",
          "title": "marks pitchRequiredStatusId dirty when FormSelectSafe value changes",
          "duration": 574.2664999999979,
          "failureMessages": [],
          "meta": {},
          "tags": []
        }
      ],
      "startTime": 1789681705792,
      "endTime": 1789681707143.2666,
      "status": "passed",
      "message": "",
      "name": "C:/Users/acarmich/source/repos/bcs-marzipan/calendar-ui/src/components/activity/ActivityFormSections/ActivityOverviewSection.field-update.test.tsx"
    },
    {
      "assertionResults": [
        {
          "ancestorTitles": [
            "ActivityOverviewSection lookup picklist selectability"
          ],
          "fullName": "ActivityOverviewSection lookup picklist selectability hides non-selectable team categories from the dropdown",
          "status": "failed",
          "title": "hides non-selectable team categories from the dropdown",
          "duration": 655.5892000000022,
          "failureMessages": [
            "TestingLibraryElementError: Unable to find an accessible element with the role \"combobox\" and name `/Categories/i`\n\nHere are the accessible roles:\n\n  heading:\n\n  Name \"Overview\":\n  \u001b[36m<h2\u001b[39m\n    \u001b[33mclass\u001b[39m=\u001b[32m\"text-md pb-3 font-semibold\"\u001b[39m\n  \u001b[36m/>\u001b[39m\n\n  --------------------------------------------------\n  combobox:\n\n  Name \"Category\":\n  \u001b[36m<input\u001b[39m\n    \u001b[33maria-autocomplete\u001b[39m=\u001b[32m\"list\"\u001b[39m\n    \u001b[33maria-expanded\u001b[39m=\u001b[32m\"false\"\u001b[39m\n    \u001b[33maria-haspopup\u001b[39m=\u001b[32m\"listbox\"\u001b[39m\n    \u001b[33mautocapitalize\u001b[39m=\u001b[32m\"none\"\u001b[39m\n    \u001b[33mautocomplete\u001b[39m=\u001b[32m\"off\"\u001b[39m\n    \u001b[33mautocorrect\u001b[39m=\u001b[32m\"off\"\u001b[39m\n    \u001b[33mclass\u001b[39m=\u001b[32m\"min-w-16 flex-1 outline-none\"\u001b[39m\n    \u001b[33mdata-slot\u001b[39m=\u001b[32m\"combobox-chip-input\"\u001b[39m\n    \u001b[33mid\u001b[39m=\u001b[32m\"_r_0_-form-item\"\u001b[39m\n    \u001b[33mplaceholder\u001b[39m=\u001b[32m\"\"\u001b[39m\n    \u001b[33mrole\u001b[39m=\u001b[32m\"combobox\"\u001b[39m\n    \u001b[33mspellcheck\u001b[39m=\u001b[32m\"false\"\u001b[39m\n    \u001b[33mtype\u001b[39m=\u001b[32m\"text\"\u001b[39m\n    \u001b[33mvalue\u001b[39m=\u001b[32m\"\"\u001b[39m\n  \u001b[36m/>\u001b[39m\n\n  Name \"Lead team\":\n  \u001b[36m<input\u001b[39m\n    \u001b[33maria-autocomplete\u001b[39m=\u001b[32m\"list\"\u001b[39m\n    \u001b[33maria-expanded\u001b[39m=\u001b[32m\"false\"\u001b[39m\n    \u001b[33maria-haspopup\u001b[39m=\u001b[32m\"listbox\"\u001b[39m\n    \u001b[33mautocapitalize\u001b[39m=\u001b[32m\"none\"\u001b[39m\n    \u001b[33mautocomplete\u001b[39m=\u001b[32m\"off\"\u001b[39m\n    \u001b[33mautocorrect\u001b[39m=\u001b[32m\"off\"\u001b[39m\n    \u001b[33mclass\u001b[39m=\u001b[32m\"border-input selection:bg-primary selection:text-primary-foreground file:text-foreground placeholder:text-muted-foreground h-(--input-height) w-full min-w-0 px-3 py-1 text-base transition-[color,box-shadow] outline-none file:inline-flex file:h-7 file:border-0 file:bg-transparent file:text-sm file:font-medium disabled:pointer-events-none disabled:cursor-not-allowed disabled:opacity-50 md:text-sm focus-visible:border-ring focus-visible:ring-ring/50 aria-invalid:border-destructive aria-invalid:ring-destructive/20 dark:aria-invalid:ring-destructive/40 flex-1 rounded-none border-0 bg-transparent shadow-none focus-visible:ring-0 dark:bg-transparent\"\u001b[39m\n    \u001b[33mdata-slot\u001b[39m=\u001b[32m\"input-group-control\"\u001b[39m\n    \u001b[33mid\u001b[39m=\u001b[32m\"_r_9_-form-item\"\u001b[39m\n    \u001b[33mplaceholder\u001b[39m=\u001b[32m\"\"\u001b[39m\n    \u001b[33mrole\u001b[39m=\u001b[32m\"combobox\"\u001b[39m\n    \u001b[33mspellcheck\u001b[39m=\u001b[32m\"false\"\u001b[39m\n    \u001b[33mtype\u001b[39m=\u001b[32m\"text\"\u001b[39m\n    \u001b[33mvalue\u001b[39m=\u001b[32m\"Team (Ministry)\"\u001b[39m\n  \u001b[36m/>\u001b[39m\n\n  Name \"\":\n  \u001b[36m<input\u001b[39m\n    \u001b[33maria-autocomplete\u001b[39m=\u001b[32m\"list\"\u001b[39m\n    \u001b[33maria-controls\u001b[39m=\u001b[32m\"freeform-combobox-list\"\u001b[39m\n    \u001b[33maria-expanded\u001b[39m=\u001b[32m\"false\"\u001b[39m\n    \u001b[33maria-haspopup\u001b[39m=\u001b[32m\"listbox\"\u001b[39m\n    \u001b[33mautocomplete\u001b[39m=\u001b[32m\"off\"\u001b[39m\n    \u001b[33mclass\u001b[39m=\u001b[32m\"border-input selection:bg-primary selection:text-primary-foreground file:text-foreground placeholder:text-muted-foreground h-(--input-height) w-full min-w-0 px-3 py-1 transition-[color,box-shadow] outline-none file:inline-flex file:h-7 file:border-0 file:bg-transparent file:text-sm file:font-medium disabled:pointer-events-none disabled:cursor-not-allowed disabled:opacity-50 md:text-sm focus-visible:border-ring focus-visible:ring-ring/50 aria-invalid:border-destructive aria-invalid:ring-destructive/20 dark:aria-invalid:ring-destructive/40 flex-1 rounded-none border-0 bg-transparent shadow-none focus-visible:ring-0 dark:bg-transparent text-sm\"\u001b[39m\n    \u001b[33mdata-slot\u001b[39m=\u001b[32m\"input-group-control\"\u001b[39m\n    \u001b[33mplaceholder\u001b[39m=\u001b[32m\"\"\u001b[39m\n    \u001b[33mrole\u001b[39m=\u001b[32m\"combobox\"\u001b[39m\n    \u001b[33mtype\u001b[39m=\u001b[32m\"text\"\u001b[39m\n    \u001b[33mvalue\u001b[39m=\u001b[32m\"\"\u001b[39m\n  \u001b[36m/>\u001b[39m\n\n  Name \"Pitch required\":\n  \u001b[36m<button\u001b[39m\n    \u001b[33maria-autocomplete\u001b[39m=\u001b[32m\"none\"\u001b[39m\n    \u001b[33maria-describedby\u001b[39m=\u001b[32m\"_r_g_-form-item-description\"\u001b[39m\n    \u001b[33maria-expanded\u001b[39m=\u001b[32m\"false\"\u001b[39m\n    \u001b[33maria-invalid\u001b[39m=\u001b[32m\"false\"\u001b[39m\n    \u001b[33mclass\u001b[39m=\u001b[32m\"border-input bg-background text-foreground ring-offset-background focus:ring-ring data-placeholder:text-muted-foreground flex h-(--input-height) w-full touch-manipulation items-center justify-between rounded-md border px-3 py-2 text-sm focus:ring-2 focus:ring-offset-2 focus:outline-none disabled:cursor-not-allowed disabled:opacity-50 [&>span]:line-clamp-1\"\u001b[39m\n    \u001b[33mdata-field\u001b[39m=\u001b[32m\"pitchRequiredStatusId\"\u001b[39m\n    \u001b[33mdata-state\u001b[39m=\u001b[32m\"closed\"\u001b[39m\n    \u001b[33mdir\u001b[39m=\u001b[32m\"ltr\"\u001b[39m\n    \u001b[33mid\u001b[39m=\u001b[32m\"_r_g_-form-item\"\u001b[39m\n    \u001b[33mrole\u001b[39m=\u001b[32m\"combobox\"\u001b[39m\n    \u001b[33mtype\u001b[39m=\u001b[32m\"button\"\u001b[39m\n  \u001b[36m/>\u001b[39m\n\n  Name \"Tags\":\n  \u001b[36m<input\u001b[39m\n    \u001b[33maria-autocomplete\u001b[39m=\u001b[32m\"list\"\u001b[39m\n    \u001b[33maria-expanded\u001b[39m=\u001b[32m\"false\"\u001b[39m\n    \u001b[33maria-haspopup\u001b[39m=\u001b[32m\"listbox\"\u001b[39m\n    \u001b[33mautocapitalize\u001b[39m=\u001b[32m\"none\"\u001b[39m\n    \u001b[33mautocomplete\u001b[39m=\u001b[32m\"off\"\u001b[39m\n    \u001b[33mautocorrect\u001b[39m=\u001b[32m\"off\"\u001b[39m\n    \u001b[33mclass\u001b[39m=\u001b[32m\"min-w-16 flex-1 outline-none\"\u001b[39m\n    \u001b[33mdata-slot\u001b[39m=\u001b[32m\"combobox-chip-input\"\u001b[39m\n    \u001b[33mid\u001b[39m=\u001b[32m\"_r_l_-form-item\"\u001b[39m\n    \u001b[33mplaceholder\u001b[39m=\u001b[32m\"\"\u001b[39m\n    \u001b[33mrole\u001b[39m=\u001b[32m\"combobox\"\u001b[39m\n    \u001b[33mspellcheck\u001b[39m=\u001b[32m\"false\"\u001b[39m\n    \u001b[33mtype\u001b[39m=\u001b[32m\"text\"\u001b[39m\n    \u001b[33mvalue\u001b[39m=\u001b[32m\"\"\u001b[39m\n  \u001b[36m/>\u001b[39m\n\n  --------------------------------------------------\n  textbox:\n\n  Name \"Title\":\n  \u001b[36m<textarea\u001b[39m\n    \u001b[33maria-describedby\u001b[39m=\u001b[32m\"_r_4_-form-item-description\"\u001b[39m\n    \u001b[33maria-invalid\u001b[39m=\u001b[32m\"false\"\u001b[39m\n    \u001b[33maria-required\u001b[39m=\u001b[32m\"true\"\u001b[39m\n    \u001b[33mclass\u001b[39m=\u001b[32m\"border-input placeholder:text-muted-foreground focus-visible:border-ring focus-visible:ring-ring/50 aria-invalid:border-destructive aria-invalid:ring-destructive/20 dark:bg-input/30 dark:aria-invalid:ring-destructive/40 flex field-sizing-content min-h-16 w-full rounded-md border bg-transparent px-3 py-2 text-base shadow-xs transition-[color,box-shadow] outline-none focus-visible:ring-[3px] disabled:cursor-not-allowed disabled:opacity-50 md:text-sm\"\u001b[39m\n    \u001b[33mdata-field\u001b[39m=\u001b[32m\"title\"\u001b[39m\n    \u001b[33mdata-slot\u001b[39m=\u001b[32m\"textarea\"\u001b[39m\n    \u001b[33mid\u001b[39m=\u001b[32m\"_r_4_-form-item\"\u001b[39m\n    \u001b[33mname\u001b[39m=\u001b[32m\"title\"\u001b[39m\n    \u001b[33mplaceholder\u001b[39m=\u001b[32m\"\"\u001b[39m\n    \u001b[33mrows\u001b[39m=\u001b[32m\"2\"\u001b[39m\n  \u001b[36m/>\u001b[39m\n\n  Name \"Summary\":\n  \u001b[36m<textarea\u001b[39m\n    \u001b[33maria-describedby\u001b[39m=\u001b[32m\"_r_5_-form-item-description\"\u001b[39m\n    \u001b[33maria-invalid\u001b[39m=\u001b[32m\"false\"\u001b[39m\n    \u001b[33maria-required\u001b[39m=\u001b[32m\"true\"\u001b[39m\n    \u001b[33mclass\u001b[39m=\u001b[32m\"border-input placeholder:text-muted-foreground focus-visible:border-ring focus-visible:ring-ring/50 aria-invalid:border-destructive aria-invalid:ring-destructive/20 dark:bg-input/30 dark:aria-invalid:ring-destructive/40 flex field-sizing-content min-h-16 w-full rounded-md border bg-transparent px-3 py-2 text-base shadow-xs transition-[color,box-shadow] outline-none focus-visible:ring-[3px] disabled:cursor-not-allowed disabled:opacity-50 md:text-sm\"\u001b[39m\n    \u001b[33mdata-field\u001b[39m=\u001b[32m\"summary\"\u001b[39m\n    \u001b[33mdata-slot\u001b[39m=\u001b[32m\"textarea\"\u001b[39m\n    \u001b[33mid\u001b[39m=\u001b[32m\"_r_5_-form-item\"\u001b[39m\n    \u001b[33mmaxlength\u001b[39m=\u001b[32m\"4000\"\u001b[39m\n    \u001b[33mname\u001b[39m=\u001b[32m\"summary\"\u001b[39m\n    \u001b[33mplaceholder\u001b[39m=\u001b[32m\"\"\u001b[39m\n    \u001b[33mrows\u001b[39m=\u001b[32m\"4\"\u001b[39m\n  \u001b[36m/>\u001b[39m\n\n  Name \"Significance\":\n  \u001b[36m<textarea\u001b[39m\n    \u001b[33maria-describedby\u001b[39m=\u001b[32m\"_r_8_-form-item-description\"\u001b[39m\n    \u001b[33maria-invalid\u001b[39m=\u001b[32m\"false\"\u001b[39m\n    \u001b[33mclass\u001b[39m=\u001b[32m\"border-input placeholder:text-muted-foreground focus-visible:border-ring focus-visible:ring-ring/50 aria-invalid:border-destructive aria-invalid:ring-destructive/20 dark:bg-input/30 dark:aria-invalid:ring-destructive/40 flex field-sizing-content min-h-16 w-full rounded-md border bg-transparent px-3 py-2 text-base shadow-xs transition-[color,box-shadow] outline-none focus-visible:ring-[3px] disabled:cursor-not-allowed disabled:opacity-50 md:text-sm\"\u001b[39m\n    \u001b[33mdata-field\u001b[39m=\u001b[32m\"significance\"\u001b[39m\n    \u001b[33mdata-slot\u001b[39m=\u001b[32m\"textarea\"\u001b[39m\n    \u001b[33mid\u001b[39m=\u001b[32m\"_r_8_-form-item\"\u001b[39m\n    \u001b[33mmaxlength\u001b[39m=\u001b[32m\"2000\"\u001b[39m\n    \u001b[33mname\u001b[39m=\u001b[32m\"significance\"\u001b[39m\n    \u001b[33mplaceholder\u001b[39m=\u001b[32m\"\"\u001b[39m\n    \u001b[33mrows\u001b[39m=\u001b[32m\"4\"\u001b[39m\n  \u001b[36m/>\u001b[39m\n\n  Name \"Notes\":\n  \u001b[36m<textarea\u001b[39m\n    \u001b[33maria-describedby\u001b[39m=\u001b[32m\"_r_k_-form-item-description\"\u001b[39m\n    \u001b[33maria-invalid\u001b[39m=\u001b[32m\"false\"\u001b[39m\n    \u001b[33mclass\u001b[39m=\u001b[32m\"border-input placeholder:text-muted-foreground focus-visible:border-ring focus-visible:ring-ring/50 aria-invalid:border-destructive aria-invalid:ring-destructive/20 dark:bg-input/30 dark:aria-invalid:ring-destructive/40 flex field-sizing-content min-h-16 w-full rounded-md border bg-transparent px-3 py-2 text-base shadow-xs transition-[color,box-shadow] outline-none focus-visible:ring-[3px] disabled:cursor-not-allowed disabled:opacity-50 md:text-sm\"\u001b[39m\n    \u001b[33mdata-field\u001b[39m=\u001b[32m\"notes\"\u001b[39m\n    \u001b[33mdata-slot\u001b[39m=\u001b[32m\"textarea\"\u001b[39m\n    \u001b[33mid\u001b[39m=\u001b[32m\"_r_k_-form-item\"\u001b[39m\n    \u001b[33mmaxlength\u001b[39m=\u001b[32m\"2000\"\u001b[39m\n    \u001b[33mname\u001b[39m=\u001b[32m\"notes\"\u001b[39m\n    \u001b[33mplaceholder\u001b[39m=\u001b[32m\"\"\u001b[39m\n    \u001b[33mrows\u001b[39m=\u001b[32m\"4\"\u001b[39m\n  \u001b[36m/>\u001b[39m\n\n  --------------------------------------------------\n  checkbox:\n\n  Name \"Confidential (details not for look ahead)\":\n  \u001b[36m<button\u001b[39m\n    \u001b[33maria-checked\u001b[39m=\u001b[32m\"false\"\u001b[39m\n    \u001b[33maria-describedby\u001b[39m=\u001b[32m\"_r_6_-form-item-description\"\u001b[39m\n    \u001b[33maria-invalid\u001b[39m=\u001b[32m\"false\"\u001b[39m\n    \u001b[33mclass\u001b[39m=\u001b[32m\"peer border-input ring-offset-background focus-visible:ring-ring h-4 w-4 shrink-0 rounded-sm border focus-visible:ring-2 focus-visible:ring-offset-2 focus-visible:outline-none disabled:cursor-not-allowed disabled:opacity-50 data-[state=checked]:border-[#0F6CBD]\"\u001b[39m\n    \u001b[33mdata-field\u001b[39m=\u001b[32m\"isConfidential\"\u001b[39m\n    \u001b[33mdata-state\u001b[39m=\u001b[32m\"unchecked\"\u001b[39m\n    \u001b[33mid\u001b[39m=\u001b[32m\"_r_6_-form-item\"\u001b[39m\n    \u001b[33mrole\u001b[39m=\u001b[32m\"checkbox\"\u001b[39m\n    \u001b[33mtype\u001b[39m=\u001b[32m\"button\"\u001b[39m\n    \u001b[33mvalue\u001b[39m=\u001b[32m\"on\"\u001b[39m\n  \u001b[36m/>\u001b[39m\n\n  Name \"Issue\":\n  \u001b[36m<button\u001b[39m\n    \u001b[33maria-checked\u001b[39m=\u001b[32m\"false\"\u001b[39m\n    \u001b[33maria-describedby\u001b[39m=\u001b[32m\"_r_7_-form-item-description\"\u001b[39m\n    \u001b[33maria-invalid\u001b[39m=\u001b[32m\"false\"\u001b[39m\n    \u001b[33mclass\u001b[39m=\u001b[32m\"peer border-input ring-offset-background focus-visible:ring-ring h-4 w-4 shrink-0 rounded-sm border focus-visible:ring-2 focus-visible:ring-offset-2 focus-visible:outline-none disabled:cursor-not-allowed disabled:opacity-50 data-[state=checked]:border-[#0F6CBD]\"\u001b[39m\n    \u001b[33mdata-field\u001b[39m=\u001b[32m\"isIssue\"\u001b[39m\n    \u001b[33mdata-state\u001b[39m=\u001b[32m\"unchecked\"\u001b[39m\n    \u001b[33mid\u001b[39m=\u001b[32m\"_r_7_-form-item\"\u001b[39m\n    \u001b[33mrole\u001b[39m=\u001b[32m\"checkbox\"\u001b[39m\n    \u001b[33mtype\u001b[39m=\u001b[32m\"button\"\u001b[39m\n    \u001b[33mvalue\u001b[39m=\u001b[32m\"on\"\u001b[39m\n  \u001b[36m/>\u001b[39m\n\n  --------------------------------------------------\n  group:\n\n  Name \"\":\n  \u001b[36m<div\u001b[39m\n    \u001b[33mclass\u001b[39m=\u001b[32m\"group/input-group border-input dark:bg-input/30 relative flex items-center rounded-md border shadow-xs transition-[color,box-shadow] outline-none h-(--input-height) min-w-0 has-[>textarea]:h-auto has-[>[data-align=inline-start]]:[&>input]:pl-2 has-[>[data-align=inline-end]]:[&>input]:pr-2 has-[>[data-align=block-start]]:h-auto has-[>[data-align=block-start]]:flex-col has-[>[data-align=block-start]]:[&>input]:pb-3 has-[>[data-align=block-end]]:h-auto has-[>[data-align=block-end]]:flex-col has-[>[data-align=block-end]]:[&>input]:pt-3 has-[[data-slot=input-group-control]:focus-visible]:border-ring has-[[data-slot=input-group-control]:focus-visible]:ring-ring/50 has-[[data-slot=input-group-control]:focus-visible]:ring-[3px] has-[[data-slot][aria-invalid=true]]:border-destructive has-[[data-slot][aria-invalid=true]]:ring-destructive/20 dark:has-[[data-slot][aria-invalid=true]]:ring-destructive/40 w-auto\"\u001b[39m\n    \u001b[33mdata-field\u001b[39m=\u001b[32m\"leadTeamId\"\u001b[39m\n    \u001b[33mdata-slot\u001b[39m=\u001b[32m\"input-group\"\u001b[39m\n    \u001b[33mrole\u001b[39m=\u001b[32m\"group\"\u001b[39m\n  \u001b[36m/>\u001b[39m\n\n  Name \"\":\n  \u001b[36m<div\u001b[39m\n    \u001b[33mclass\u001b[39m=\u001b[32m\"flex h-auto cursor-text items-center justify-center gap-2 py-1.5 text-sm font-medium text-muted-foreground select-none group-data-[disabled=true]/input-group:opacity-50 [&>kbd]:rounded-[calc(var(--radius)-5px)] [&>svg:not([class*='size-'])]:size-4 order-last pr-3 has-[>button]:mr-[-0.45rem] has-[>kbd]:mr-[-0.35rem]\"\u001b[39m\n    \u001b[33mdata-align\u001b[39m=\u001b[32m\"inline-end\"\u001b[39m\n    \u001b[33mdata-slot\u001b[39m=\u001b[32m\"input-group-addon\"\u001b[39m\n    \u001b[33mrole\u001b[39m=\u001b[32m\"group\"\u001b[39m\n  \u001b[36m/>\u001b[39m\n\n  Name \"\":\n  \u001b[36m<div\u001b[39m\n    \u001b[33mclass\u001b[39m=\u001b[32m\"group/input-group border-input dark:bg-input/30 relative flex items-center rounded-md border shadow-xs transition-[color,box-shadow] outline-none h-(--input-height) min-w-0 has-[>textarea]:h-auto has-[>[data-align=inline-start]]:[&>input]:pl-2 has-[>[data-align=inline-end]]:[&>input]:pr-2 has-[>[data-align=block-start]]:h-auto has-[>[data-align=block-start]]:flex-col has-[>[data-align=block-start]]:[&>input]:pb-3 has-[>[data-align=block-end]]:h-auto has-[>[data-align=block-end]]:flex-col has-[>[data-align=block-end]]:[&>input]:pt-3 has-[[data-slot=input-group-control]:focus-visible]:border-ring has-[[data-slot=input-group-control]:focus-visible]:ring-ring/50 has-[[data-slot=input-group-control]:focus-visible]:ring-[3px] has-[[data-slot][aria-invalid=true]]:border-destructive has-[[data-slot][aria-invalid=true]]:ring-destructive/20 dark:has-[[data-slot][aria-invalid=true]]:ring-destructive/40 w-full\"\u001b[39m\n    \u001b[33mdata-slot\u001b[39m=\u001b[32m\"input-group\"\u001b[39m\n    \u001b[33mrole\u001b[39m=\u001b[32m\"group\"\u001b[39m\n  \u001b[36m/>\u001b[39m\n\n  Name \"\":\n  \u001b[36m<div\u001b[39m\n    \u001b[33mclass\u001b[39m=\u001b[32m\"flex h-auto cursor-text items-center justify-center gap-2 py-1.5 text-sm font-medium text-muted-foreground select-none group-data-[disabled=true]/input-group:opacity-50 [&>kbd]:rounded-[calc(var(--radius)-5px)] [&>svg:not([class*='size-'])]:size-4 order-last pr-3 has-[>button]:mr-[-0.45rem] has-[>kbd]:mr-[-0.35rem]\"\u001b[39m\n    \u001b[33mdata-align\u001b[39m=\u001b[32m\"inline-end\"\u001b[39m\n    \u001b[33mdata-slot\u001b[39m=\u001b[32m\"input-group-addon\"\u001b[39m\n    \u001b[33mrole\u001b[39m=\u001b[32m\"group\"\u001b[39m\n  \u001b[36m/>\u001b[39m\n\n  --------------------------------------------------\n  button:\n\n  Name \"\":\n  \u001b[36m<button\u001b[39m\n    \u001b[33maria-expanded\u001b[39m=\u001b[32m\"false\"\u001b[39m\n    \u001b[33maria-haspopup\u001b[39m=\u001b[32m\"listbox\"\u001b[39m\n    \u001b[33mclass\u001b[39m=\u001b[32m\"shrink-0 justify-center font-medium whitespace-nowrap transition-all outline-none focus-visible:border-ring focus-visible:ring-[3px] focus-visible:ring-ring/50 disabled:pointer-events-none disabled:opacity-50 aria-invalid:border-destructive aria-invalid:ring-destructive/20 dark:aria-invalid:ring-destructive/40 [&_svg]:pointer-events-none [&_svg]:shrink-0 [&_svg:not([class*='size-'])]:size-4 hover:bg-accent hover:text-accent-foreground dark:hover:bg-accent/50 flex items-center gap-2 text-sm shadow-none size-6 rounded-[calc(var(--radius)-5px)] p-0 has-[>svg]:p-0 group-has-data-[slot=combobox-clear]/input-group:hidden data-pressed:bg-transparent\"\u001b[39m\n    \u001b[33mdata-size\u001b[39m=\u001b[32m\"icon-xs\"\u001b[39m\n    \u001b[33mdata-slot\u001b[39m=\u001b[32m\"input-group-button\"\u001b[39m\n    \u001b[33mdata-variant\u001b[39m=\u001b[32m\"ghost\"\u001b[39m\n    \u001b[33mtabindex\u001b[39m=\u001b[32m\"-1\"\u001b[39m\n    \u001b[33mtype\u001b[39m=\u001b[32m\"button\"\u001b[39m\n  \u001b[36m/>\u001b[39m\n\n  Name \"Open\":\n  \u001b[36m<button\u001b[39m\n    \u001b[33maria-disabled\u001b[39m=\u001b[32m\"false\"\u001b[39m\n    \u001b[33maria-label\u001b[39m=\u001b[32m\"Open\"\u001b[39m\n    \u001b[33mclass\u001b[39m=\u001b[32m\"shrink-0 justify-center font-medium whitespace-nowrap transition-all outline-none focus-visible:border-ring focus-visible:ring-[3px] focus-visible:ring-ring/50 disabled:pointer-events-none disabled:opacity-50 aria-invalid:border-destructive aria-invalid:ring-destructive/20 dark:aria-invalid:ring-destructive/40 [&_svg]:pointer-events-none [&_svg]:shrink-0 [&_svg:not([class*='size-'])]:size-4 hover:bg-accent hover:text-accent-foreground dark:hover:bg-accent/50 flex items-center gap-2 text-sm shadow-none size-6 rounded-[calc(var(--radius)-5px)] p-0 has-[>svg]:p-0\"\u001b[39m\n    \u001b[33mdata-size\u001b[39m=\u001b[32m\"icon-xs\"\u001b[39m\n    \u001b[33mdata-slot\u001b[39m=\u001b[32m\"button\"\u001b[39m\n    \u001b[33mdata-variant\u001b[39m=\u001b[32m\"ghost\"\u001b[39m\n    \u001b[33mtype\u001b[39m=\u001b[32m\"button\"\u001b[39m\n  \u001b[36m/>\u001b[39m\n\n  Name \"Select pitch date\":\n  \u001b[36m<button\u001b[39m\n    \u001b[33maria-expanded\u001b[39m=\u001b[32m\"false\"\u001b[39m\n    \u001b[33maria-haspopup\u001b[39m=\u001b[32m\"dialog\"\u001b[39m\n    \u001b[33mclass\u001b[39m=\u001b[32m\"inline-flex shrink-0 items-center gap-2 rounded-md text-sm whitespace-nowrap transition-all outline-none focus-visible:border-ring focus-visible:ring-[3px] focus-visible:ring-ring/50 disabled:pointer-events-none disabled:opacity-50 aria-invalid:border-destructive aria-invalid:ring-destructive/20 dark:aria-invalid:ring-destructive/40 [&_svg]:pointer-events-none [&_svg]:shrink-0 [&_svg:not([class*='size-'])]:size-4 border bg-background shadow-xs hover:bg-accent hover:text-accent-foreground dark:border-input dark:bg-input/30 dark:hover:bg-input/50 h-(--input-height) px-4 py-2 has-[>svg]:px-3 justify-start text-left font-normal w-full min-w-0 text-muted-foreground\"\u001b[39m\n    \u001b[33mdata-size\u001b[39m=\u001b[32m\"input\"\u001b[39m\n    \u001b[33mdata-slot\u001b[39m=\u001b[32m\"button\"\u001b[39m\n    \u001b[33mdata-state\u001b[39m=\u001b[32m\"closed\"\u001b[39m\n    \u001b[33mdata-variant\u001b[39m=\u001b[32m\"outline\"\u001b[39m\n    \u001b[33mtype\u001b[39m=\u001b[32m\"button\"\u001b[39m\n  \u001b[36m/>\u001b[39m\n\n  --------------------------------------------------\n\nIgnored nodes: comments, script, style\n\u001b[36m<body>\u001b[39m\n  \u001b[36m<div>\u001b[39m\n    \u001b[36m<div\u001b[39m\n      \u001b[33mclass\u001b[39m=\u001b[32m\"space-y-6 rounded-md border border-gray-300 p-6\"\u001b[39m\n    \u001b[36m>\u001b[39m\n      \u001b[36m<h2\u001b[39m\n        \u001b[33mclass\u001b[39m=\u001b[32m\"text-md pb-3 font-semibold\"\u001b[39m\n      \u001b[36m>\u001b[39m\n        \u001b[0mOverview\u001b[0m\n      \u001b[36m</h2>\u001b[39m\n      \u001b[36m<div\u001b[39m\n        \u001b[33mclass\u001b[39m=\u001b[32m\"space-y-6\"\u001b[39m\n      \u001b[36m>\u001b[39m\n        \u001b[36m<div\u001b[39m\n          \u001b[33mclass\u001b[39m=\u001b[32m\"space-y-2\"\u001b[39m\n        \u001b[36m>\u001b[39m\n          \u001b[36m<label\u001b[39m\n            \u001b[33mclass\u001b[39m=\u001b[32m\"text-sm font-medium leading-none peer-disabled:cursor-not-allowed peer-disabled:opacity-70 flex items-center gap-2 min-h-[18px]\"\u001b[39m\n            \u001b[33mfor\u001b[39m=\u001b[32m\"_r_0_-form-item\"\u001b[39m\n          \u001b[36m>\u001b[39m\n            \u001b[36m<span\u001b[39m\n              \u001b[33mclass\u001b[39m=\u001b[32m\"inline-flex items-center gap-1\"\u001b[39m\n            \u001b[36m>\u001b[39m\n              \u001b[0mCategory\u001b[0m\n              \u001b[36m<span\u001b[39m\n                \u001b[33maria-hidden\u001b[39m=\u001b[32m\"true\"\u001b[39m\n                \u001b[33mclass\u001b[39m=\u001b[32m\"text-required-field-indicator font-semibold inline\"\u001b[39m\n              \u001b[36m>\u001b[39m\n                \u001b[0m*\u001b[0m\n              \u001b[36m</span>\u001b[39m\n            \u001b[36m</span>\u001b[39m\n          \u001b[36m</label>\u001b[39m\n          \u001b[36m<div\u001b[39m\n            \u001b[33mclass\u001b[39m=\u001b[32m\"border-input focus-within:border-ring focus-within:ring-ring/50 has-aria-invalid:border-destructive has-aria-invalid:ring-destructive/20 dark:bg-input/30 dark:has-aria-invalid:border-destructive/50 dark:has-aria-invalid:ring-destructive/40 flex min-h-(--input-height) flex-wrap items-center gap-1.5 rounded-md border bg-transparent bg-clip-padding px-2.5 py-1.5 text-sm shadow-xs transition-[color,box-shadow] focus-within:ring-[3px] has-aria-invalid:ring-[3px] has-data-[slot=combobox-chip]:px-1.5 w-full\"\u001b[39m\n            \u001b[33mdata-field\u001b[39m=\u001b[32m\"categoryIds\"\u001b[39m\n            \u001b[33mdata-slot\u001b[39m=\u001b[32m\"combobox-chips\"\u001b[39m\n          \u001b[36m>\u001b[39m\n            \u001b[36m<input\u001b[39m\n              \u001b[33maria-autocomplete\u001b[39m=\u001b[32m\"list\"\u001b[39m\n              \u001b[33maria-expanded\u001b[39m=\u001b[32m\"false\"\u001b[39m\n              \u001b[33maria-haspopup\u001b[39m=\u001b[32m\"listbox\"\u001b[39m\n              \u001b[33mautocapitalize\u001b[39m=\u001b[32m\"none\"\u001b[39m\n              \u001b[33mautocomplete\u001b[39m=\u001b[32m\"off\"\u001b[39m\n              \u001b[33mautocorrect\u001b[39m=\u001b[32m\"off\"\u001b[39m\n              \u001b[33mclass\u001b[39m=\u001b[32m\"min-w-16 flex-1 outline-none\"\u001b[39m\n              \u001b[33mdata-slot\u001b[39m=\u001b[32m\"combobox-chip-input\"\u001b[39m\n              \u001b[33mid\u001b[39m=\u001b[32m\"_r_0_-form-item\"\u001b[39m\n              \u001b[33mplaceholder\u001b[39m=\u001b[32m\"\"\u001b[39m\n              \u001b[33mrole\u001b[39m=\u001b[32m\"combobox\"\u001b[39m\n              \u001b[33mspellcheck\u001b[39m=\u001b[32m\"false\"\u001b[39m\n              \u001b[33mtype\u001b[39m=\u001b[32m\"text\"\u001b[39m\n              \u001b[33mvalue\u001b[39m=\u001b[32m\"\"\u001b[39m\n            \u001b[36m/>\u001b[39m\n          \u001b[36m</div>\u001b[39m\n          \u001b[36m<input\u001b[39m\n            \u001b[33maria-hidden\u001b[39m=\u001b[32m\"true\"\u001b[39m\n            \u001b[33mid\u001b[39m=\u001b[32m\"_r_0_-form-item-hidden-input\"\u001b[39m\n            \u001b[33mstyle\u001b[39m=\u001b[32m\"clip-path: inset(50%); overflow: hidden; white-space: nowrap; border: 0px; padding: 0px; width: 1px; height: 1px; margin: -1px; position: fixed; top: 0px; left: 0px;\"\u001b[39m\n            \u001b[33mtabindex\u001b[39m=\u001b[32m\"-1\"\u001b[39m\n            \u001b[33mvalue\u001b[39m=\u001b[32m\"\"\u001b[39m\n          \u001b[36m/>\u001b[39m\n        \u001b[36m</div>\u001b[39m\n        \u001b[36m<div\u001b[39m\n          \u001b[33mclass\u001b[39m=\u001b[32m\"space-y-2\"\u001b[39m\n        \u001b[36m>\u001b[39m\n          \u001b[36m<label\u001b[39m\n            \u001b[33mclass\u001b[39m=\u001b[32m\"text-sm font-medium leading-none peer-disabled:cursor-not-allowed peer-disabled:opacity-70 flex items-center gap-2 min-h-[18px]\"\u001b[39m\n            \u001b[33mfor\u001b[39m=\u001b[32m\"_r_4_-form-item\"\u001b[39m\n          \u001b[36m>\u001b[39m\n            \u001b[36m<span\u001b[39m\n              \u001b[33mclass\u001b[39m=\u001b[32m\"inline-flex items-center gap-1\"\u001b[39m\n            \u001b[36m>\u001b[39m\n              \u001b[0mTitle\u001b[0m\n              \u001b[36m<span\u001b[39m\n                \u001b[33maria-hidden\u001b[39m=\u001b[32m\"true\"\u001b[39m\n                \u001b[33mclass\u001b[39m=\u001b[32m\"text-required-field-indicator font-semibold inline\"\u001b[39m\n              \u001b[36m>\u001b[39m\n                \u001b[0m*\u001b[0m\n              \u001b[36m</span>\u001b[39m\n            \u001b[36m</span>\u001b[39m\n          \u001b[36m</label>\u001b[39m\n          \u001b[36m<textarea\u001b[39m\n            \u001b[33maria-describedby\u001b[39m=\u001b[32m\"_r_4_-form-item-description\"\u001b[39m\n            \u001b[33maria-invalid\u001b[39m=\u001b[32m\"false\"\u001b[39m\n            \u001b[33maria-required\u001b[39m=\u001b[32m\"true\"\u001b[39m\n            \u001b[33mclass\u001b[39m=\u001b[32m\"border-input placeholder:text-muted-foreground focus-visible:border-ring focus-visible:ring-ring/50 aria-invalid:border-destructive aria-invalid:ring-destructive/20 dark:bg-input/30 dark:aria-invalid:ring-destructive/40 flex field-sizing-content min-h-16 w-full rounded-md border bg-transparent px-3 py-2 text-base shadow-xs transition-[color,box-shadow] outline-none focus-visible:ring-[3px] disabled:cursor-not-allowed disabled:opacity-50 md:text-sm\"\u001b[39m\n            \u001b[33mdata-field\u001b[39m=\u001b[32m\"title\"\u001b[39m\n            \u001b[33mdata-slot\u001b[39m=\u001b[32m\"textarea\"\u001b[39m\n            \u001b[33mid\u001b[39m=\u001b[32m\"_r_4_-form-item\"\u001b[39m\n            \u001b[33mname\u001b[39m=\u001b[32m\"title\"\u001b[39m\n            \u001b[33mplaceholder\u001b[39m=\u001b[32m\"\"\u001b[39m\n            \u001b[33mrows\u001b[39m=\u001b[32m\"2\"\u001b[39m\n          \u001b[36m/>\u001b[39m\n        \u001b[36m</div>\u001b[39m\n        \u001b[36m<div\u001b[39m\n          \u001b[33mclass\u001b[39m=\u001b[32m\"space-y-2\"\u001b[39m\n        \u001b[36m>\u001b[39m\n          \u001b[36m<label\u001b[39m\n            \u001b[33mclass\u001b[39m=\u001b[32m\"text-sm font-medium leading-none peer-disabled:cursor-not-allowed peer-disabled:opacity-70 flex items-center gap-2 min-h-[18px]\"\u001b[39m\n            \u001b[33mfor\u001b[39m=\u001b[32m\"_r_5_-form-item\"\u001b[39m\n          \u001b[36m>\u001b[39m\n            \u001b[36m<span\u001b[39m\n              \u001b[33mclass\u001b[39m=\u001b[32m\"inline-flex items-center gap-1\"\u001b[39m\n            \u001b[36m>\u001b[39m\n              \u001b[0mSummary\u001b[0m\n              \u001b[36m<span\u001b[39m\n                \u001b[33maria-hidden\u001b[39m=\u001b[32m\"true\"\u001b[39m\n                \u001b[33mclass\u001b[39m=\u001b[32m\"text-required-field-indicator font-semibold inline\"\u001b[39m\n              \u001b[36m>\u001b[39m\n                \u001b[0m*\u001b[0m\n              \u001b[36m</span>\u001b[39m\n            \u001b[36m</span>\u001b[39m\n          \u001b[36m</label>\u001b[39m\n          \u001b[36m<textarea\u001b[39m\n            \u001b[33maria-describedby\u001b[39m=\u001b[32m\"_r_5_-form-item-description\"\u001b[39m\n            \u001b[33maria-invalid\u001b[39m=\u001b[32m\"false\"\u001b[39m\n            \u001b[33maria-required\u001b[39m=\u001b[32m\"true\"\u001b[39m\n            \u001b[33mclass\u001b[39m=\u001b[32m\"border-input placeholder:text-muted-foreground focus-visible:border-ring focus-visible:ring-ring/50 aria-invalid:border-destructive aria-invalid:ring-destructive/20 dark:bg-input/30 dark:aria-invalid:ring-destructive/40 flex field-sizing-content min-h-16 w-full rounded-md border bg-transparent px-3 py-2 text-base shadow-xs transition-[color,box-shadow] outline-none focus-visible:ring-[3px] disabled:cursor-not-allowed disabled:opacity-50 md:text-sm\"\u001b[39m\n            \u001b[33mdata-field\u001b[39m=\u001b[32m\"summary\"\u001b[39m\n            \u001b[33mdata-slot\u001b[39m=\u001b[32m\"textarea\"\u001b[39m\n            \u001b[33mid\u001b[39m=\u001b[32m\"_r_5_-form-item\"\u001b[39m\n            \u001b[33mmaxlength\u001b[39m=\u001b[32m\"4000\"\u001b[39m\n            \u001b[33mname\u001b[39m=\u001b[32m\"summary\"\u001b[39m\n            \u001b[33mplaceholder\u001b[39m=\u001b[32m\"\"\u001b[39m\n...\n    at Object.getElementError (C:\\Users\\acarmich\\source\\repos\\bcs-marzipan\\node_modules\\@testing-library\\dom\\dist\\config.js:37:19)\n    at C:\\Users\\acarmich\\source\\repos\\bcs-marzipan\\node_modules\\@testing-library\\dom\\dist\\query-helpers.js:76:38\n    at C:\\Users\\acarmich\\source\\repos\\bcs-marzipan\\node_modules\\@testing-library\\dom\\dist\\query-helpers.js:52:17\n    at C:\\Users\\acarmich\\source\\repos\\bcs-marzipan\\node_modules\\@testing-library\\dom\\dist\\query-helpers.js:95:19\n    at openCategoryPicklist (C:/Users/acarmich/source/repos/bcs-marzipan/calendar-ui/src/components/activity/ActivityFormSections/ActivityOverviewSection.picklist.test.tsx:138:24)\n    at C:/Users/acarmich/source/repos/bcs-marzipan/calendar-ui/src/components/activity/ActivityFormSections/ActivityOverviewSection.picklist.test.tsx:152:11\n    at file:///C:/Users/acarmich/source/repos/bcs-marzipan/node_modules/@vitest/runner/dist/chunk-artifact.js:302:11\n    at file:///C:/Users/acarmich/source/repos/bcs-marzipan/node_modules/@vitest/runner/dist/chunk-artifact.js:1903:26\n    at file:///C:/Users/acarmich/source/repos/bcs-marzipan/node_modules/@vitest/runner/dist/chunk-artifact.js:2326:20\n    at new Promise (<anonymous>)"
          ],
          "meta": {},
          "tags": []
        },
        {
          "ancestorTitles": [
            "ActivityOverviewSection lookup picklist selectability"
          ],
          "fullName": "ActivityOverviewSection lookup picklist selectability shows team categories when the user belongs to the scoped team",
          "status": "failed",
          "title": "shows team categories when the user belongs to the scoped team",
          "duration": 414.1693000000014,
          "failureMessages": [
            "TestingLibraryElementError: Unable to find an accessible element with the role \"combobox\" and name `/Categories/i`\n\nHere are the accessible roles:\n\n  heading:\n\n  Name \"Overview\":\n  \u001b[36m<h2\u001b[39m\n    \u001b[33mclass\u001b[39m=\u001b[32m\"text-md pb-3 font-semibold\"\u001b[39m\n  \u001b[36m/>\u001b[39m\n\n  --------------------------------------------------\n  combobox:\n\n  Name \"Category\":\n  \u001b[36m<input\u001b[39m\n    \u001b[33maria-autocomplete\u001b[39m=\u001b[32m\"list\"\u001b[39m\n    \u001b[33maria-expanded\u001b[39m=\u001b[32m\"false\"\u001b[39m\n    \u001b[33maria-haspopup\u001b[39m=\u001b[32m\"listbox\"\u001b[39m\n    \u001b[33mautocapitalize\u001b[39m=\u001b[32m\"none\"\u001b[39m\n    \u001b[33mautocomplete\u001b[39m=\u001b[32m\"off\"\u001b[39m\n    \u001b[33mautocorrect\u001b[39m=\u001b[32m\"off\"\u001b[39m\n    \u001b[33mclass\u001b[39m=\u001b[32m\"min-w-16 flex-1 outline-none\"\u001b[39m\n    \u001b[33mdata-slot\u001b[39m=\u001b[32m\"combobox-chip-input\"\u001b[39m\n    \u001b[33mid\u001b[39m=\u001b[32m\"_r_p_-form-item\"\u001b[39m\n    \u001b[33mplaceholder\u001b[39m=\u001b[32m\"\"\u001b[39m\n    \u001b[33mrole\u001b[39m=\u001b[32m\"combobox\"\u001b[39m\n    \u001b[33mspellcheck\u001b[39m=\u001b[32m\"false\"\u001b[39m\n    \u001b[33mtype\u001b[39m=\u001b[32m\"text\"\u001b[39m\n    \u001b[33mvalue\u001b[39m=\u001b[32m\"\"\u001b[39m\n  \u001b[36m/>\u001b[39m\n\n  Name \"Lead team\":\n  \u001b[36m<input\u001b[39m\n    \u001b[33maria-autocomplete\u001b[39m=\u001b[32m\"list\"\u001b[39m\n    \u001b[33maria-expanded\u001b[39m=\u001b[32m\"false\"\u001b[39m\n    \u001b[33maria-haspopup\u001b[39m=\u001b[32m\"listbox\"\u001b[39m\n    \u001b[33mautocapitalize\u001b[39m=\u001b[32m\"none\"\u001b[39m\n    \u001b[33mautocomplete\u001b[39m=\u001b[32m\"off\"\u001b[39m\n    \u001b[33mautocorrect\u001b[39m=\u001b[32m\"off\"\u001b[39m\n    \u001b[33mclass\u001b[39m=\u001b[32m\"border-input selection:bg-primary selection:text-primary-foreground file:text-foreground placeholder:text-muted-foreground h-(--input-height) w-full min-w-0 px-3 py-1 text-base transition-[color,box-shadow] outline-none file:inline-flex file:h-7 file:border-0 file:bg-transparent file:text-sm file:font-medium disabled:pointer-events-none disabled:cursor-not-allowed disabled:opacity-50 md:text-sm focus-visible:border-ring focus-visible:ring-ring/50 aria-invalid:border-destructive aria-invalid:ring-destructive/20 dark:aria-invalid:ring-destructive/40 flex-1 rounded-none border-0 bg-transparent shadow-none focus-visible:ring-0 dark:bg-transparent\"\u001b[39m\n    \u001b[33mdata-slot\u001b[39m=\u001b[32m\"input-group-control\"\u001b[39m\n    \u001b[33mid\u001b[39m=\u001b[32m\"_r_12_-form-item\"\u001b[39m\n    \u001b[33mplaceholder\u001b[39m=\u001b[32m\"\"\u001b[39m\n    \u001b[33mrole\u001b[39m=\u001b[32m\"combobox\"\u001b[39m\n    \u001b[33mspellcheck\u001b[39m=\u001b[32m\"false\"\u001b[39m\n    \u001b[33mtype\u001b[39m=\u001b[32m\"text\"\u001b[39m\n    \u001b[33mvalue\u001b[39m=\u001b[32m\"Team (Ministry)\"\u001b[39m\n  \u001b[36m/>\u001b[39m\n\n  Name \"\":\n  \u001b[36m<input\u001b[39m\n    \u001b[33maria-autocomplete\u001b[39m=\u001b[32m\"list\"\u001b[39m\n    \u001b[33maria-controls\u001b[39m=\u001b[32m\"freeform-combobox-list\"\u001b[39m\n    \u001b[33maria-expanded\u001b[39m=\u001b[32m\"false\"\u001b[39m\n    \u001b[33maria-haspopup\u001b[39m=\u001b[32m\"listbox\"\u001b[39m\n    \u001b[33mautocomplete\u001b[39m=\u001b[32m\"off\"\u001b[39m\n    \u001b[33mclass\u001b[39m=\u001b[32m\"border-input selection:bg-primary selection:text-primary-foreground file:text-foreground placeholder:text-muted-foreground h-(--input-height) w-full min-w-0 px-3 py-1 transition-[color,box-shadow] outline-none file:inline-flex file:h-7 file:border-0 file:bg-transparent file:text-sm file:font-medium disabled:pointer-events-none disabled:cursor-not-allowed disabled:opacity-50 md:text-sm focus-visible:border-ring focus-visible:ring-ring/50 aria-invalid:border-destructive aria-invalid:ring-destructive/20 dark:aria-invalid:ring-destructive/40 flex-1 rounded-none border-0 bg-transparent shadow-none focus-visible:ring-0 dark:bg-transparent text-sm\"\u001b[39m\n    \u001b[33mdata-slot\u001b[39m=\u001b[32m\"input-group-control\"\u001b[39m\n    \u001b[33mplaceholder\u001b[39m=\u001b[32m\"\"\u001b[39m\n    \u001b[33mrole\u001b[39m=\u001b[32m\"combobox\"\u001b[39m\n    \u001b[33mtype\u001b[39m=\u001b[32m\"text\"\u001b[39m\n    \u001b[33mvalue\u001b[39m=\u001b[32m\"\"\u001b[39m\n  \u001b[36m/>\u001b[39m\n\n  Name \"Pitch required\":\n  \u001b[36m<button\u001b[39m\n    \u001b[33maria-autocomplete\u001b[39m=\u001b[32m\"none\"\u001b[39m\n    \u001b[33maria-describedby\u001b[39m=\u001b[32m\"_r_19_-form-item-description\"\u001b[39m\n    \u001b[33maria-expanded\u001b[39m=\u001b[32m\"false\"\u001b[39m\n    \u001b[33maria-invalid\u001b[39m=\u001b[32m\"false\"\u001b[39m\n    \u001b[33mclass\u001b[39m=\u001b[32m\"border-input bg-background text-foreground ring-offset-background focus:ring-ring data-placeholder:text-muted-foreground flex h-(--input-height) w-full touch-manipulation items-center justify-between rounded-md border px-3 py-2 text-sm focus:ring-2 focus:ring-offset-2 focus:outline-none disabled:cursor-not-allowed disabled:opacity-50 [&>span]:line-clamp-1\"\u001b[39m\n    \u001b[33mdata-field\u001b[39m=\u001b[32m\"pitchRequiredStatusId\"\u001b[39m\n    \u001b[33mdata-state\u001b[39m=\u001b[32m\"closed\"\u001b[39m\n    \u001b[33mdir\u001b[39m=\u001b[32m\"ltr\"\u001b[39m\n    \u001b[33mid\u001b[39m=\u001b[32m\"_r_19_-form-item\"\u001b[39m\n    \u001b[33mrole\u001b[39m=\u001b[32m\"combobox\"\u001b[39m\n    \u001b[33mtype\u001b[39m=\u001b[32m\"button\"\u001b[39m\n  \u001b[36m/>\u001b[39m\n\n  Name \"Tags\":\n  \u001b[36m<input\u001b[39m\n    \u001b[33maria-autocomplete\u001b[39m=\u001b[32m\"list\"\u001b[39m\n    \u001b[33maria-expanded\u001b[39m=\u001b[32m\"false\"\u001b[39m\n    \u001b[33maria-haspopup\u001b[39m=\u001b[32m\"listbox\"\u001b[39m\n    \u001b[33mautocapitalize\u001b[39m=\u001b[32m\"none\"\u001b[39m\n    \u001b[33mautocomplete\u001b[39m=\u001b[32m\"off\"\u001b[39m\n    \u001b[33mautocorrect\u001b[39m=\u001b[32m\"off\"\u001b[39m\n    \u001b[33mclass\u001b[39m=\u001b[32m\"min-w-16 flex-1 outline-none\"\u001b[39m\n    \u001b[33mdata-slot\u001b[39m=\u001b[32m\"combobox-chip-input\"\u001b[39m\n    \u001b[33mid\u001b[39m=\u001b[32m\"_r_1e_-form-item\"\u001b[39m\n    \u001b[33mplaceholder\u001b[39m=\u001b[32m\"\"\u001b[39m\n    \u001b[33mrole\u001b[39m=\u001b[32m\"combobox\"\u001b[39m\n    \u001b[33mspellcheck\u001b[39m=\u001b[32m\"false\"\u001b[39m\n    \u001b[33mtype\u001b[39m=\u001b[32m\"text\"\u001b[39m\n    \u001b[33mvalue\u001b[39m=\u001b[32m\"\"\u001b[39m\n  \u001b[36m/>\u001b[39m\n\n  --------------------------------------------------\n  textbox:\n\n  Name \"Title\":\n  \u001b[36m<textarea\u001b[39m\n    \u001b[33maria-describedby\u001b[39m=\u001b[32m\"_r_t_-form-item-description\"\u001b[39m\n    \u001b[33maria-invalid\u001b[39m=\u001b[32m\"false\"\u001b[39m\n    \u001b[33maria-required\u001b[39m=\u001b[32m\"true\"\u001b[39m\n    \u001b[33mclass\u001b[39m=\u001b[32m\"border-input placeholder:text-muted-foreground focus-visible:border-ring focus-visible:ring-ring/50 aria-invalid:border-destructive aria-invalid:ring-destructive/20 dark:bg-input/30 dark:aria-invalid:ring-destructive/40 flex field-sizing-content min-h-16 w-full rounded-md border bg-transparent px-3 py-2 text-base shadow-xs transition-[color,box-shadow] outline-none focus-visible:ring-[3px] disabled:cursor-not-allowed disabled:opacity-50 md:text-sm\"\u001b[39m\n    \u001b[33mdata-field\u001b[39m=\u001b[32m\"title\"\u001b[39m\n    \u001b[33mdata-slot\u001b[39m=\u001b[32m\"textarea\"\u001b[39m\n    \u001b[33mid\u001b[39m=\u001b[32m\"_r_t_-form-item\"\u001b[39m\n    \u001b[33mname\u001b[39m=\u001b[32m\"title\"\u001b[39m\n    \u001b[33mplaceholder\u001b[39m=\u001b[32m\"\"\u001b[39m\n    \u001b[33mrows\u001b[39m=\u001b[32m\"2\"\u001b[39m\n  \u001b[36m/>\u001b[39m\n\n  Name \"Summary\":\n  \u001b[36m<textarea\u001b[39m\n    \u001b[33maria-describedby\u001b[39m=\u001b[32m\"_r_u_-form-item-description\"\u001b[39m\n    \u001b[33maria-invalid\u001b[39m=\u001b[32m\"false\"\u001b[39m\n    \u001b[33maria-required\u001b[39m=\u001b[32m\"true\"\u001b[39m\n    \u001b[33mclass\u001b[39m=\u001b[32m\"border-input placeholder:text-muted-foreground focus-visible:border-ring focus-visible:ring-ring/50 aria-invalid:border-destructive aria-invalid:ring-destructive/20 dark:bg-input/30 dark:aria-invalid:ring-destructive/40 flex field-sizing-content min-h-16 w-full rounded-md border bg-transparent px-3 py-2 text-base shadow-xs transition-[color,box-shadow] outline-none focus-visible:ring-[3px] disabled:cursor-not-allowed disabled:opacity-50 md:text-sm\"\u001b[39m\n    \u001b[33mdata-field\u001b[39m=\u001b[32m\"summary\"\u001b[39m\n    \u001b[33mdata-slot\u001b[39m=\u001b[32m\"textarea\"\u001b[39m\n    \u001b[33mid\u001b[39m=\u001b[32m\"_r_u_-form-item\"\u001b[39m\n    \u001b[33mmaxlength\u001b[39m=\u001b[32m\"4000\"\u001b[39m\n    \u001b[33mname\u001b[39m=\u001b[32m\"summary\"\u001b[39m\n    \u001b[33mplaceholder\u001b[39m=\u001b[32m\"\"\u001b[39m\n    \u001b[33mrows\u001b[39m=\u001b[32m\"4\"\u001b[39m\n  \u001b[36m/>\u001b[39m\n\n  Name \"Significance\":\n  \u001b[36m<textarea\u001b[39m\n    \u001b[33maria-describedby\u001b[39m=\u001b[32m\"_r_11_-form-item-description\"\u001b[39m\n    \u001b[33maria-invalid\u001b[39m=\u001b[32m\"false\"\u001b[39m\n    \u001b[33mclass\u001b[39m=\u001b[32m\"border-input placeholder:text-muted-foreground focus-visible:border-ring focus-visible:ring-ring/50 aria-invalid:border-destructive aria-invalid:ring-destructive/20 dark:bg-input/30 dark:aria-invalid:ring-destructive/40 flex field-sizing-content min-h-16 w-full rounded-md border bg-transparent px-3 py-2 text-base shadow-xs transition-[color,box-shadow] outline-none focus-visible:ring-[3px] disabled:cursor-not-allowed disabled:opacity-50 md:text-sm\"\u001b[39m\n    \u001b[33mdata-field\u001b[39m=\u001b[32m\"significance\"\u001b[39m\n    \u001b[33mdata-slot\u001b[39m=\u001b[32m\"textarea\"\u001b[39m\n    \u001b[33mid\u001b[39m=\u001b[32m\"_r_11_-form-item\"\u001b[39m\n    \u001b[33mmaxlength\u001b[39m=\u001b[32m\"2000\"\u001b[39m\n    \u001b[33mname\u001b[39m=\u001b[32m\"significance\"\u001b[39m\n    \u001b[33mplaceholder\u001b[39m=\u001b[32m\"\"\u001b[39m\n    \u001b[33mrows\u001b[39m=\u001b[32m\"4\"\u001b[39m\n  \u001b[36m/>\u001b[39m\n\n  Name \"Notes\":\n  \u001b[36m<textarea\u001b[39m\n    \u001b[33maria-describedby\u001b[39m=\u001b[32m\"_r_1d_-form-item-description\"\u001b[39m\n    \u001b[33maria-invalid\u001b[39m=\u001b[32m\"false\"\u001b[39m\n    \u001b[33mclass\u001b[39m=\u001b[32m\"border-input placeholder:text-muted-foreground focus-visible:border-ring focus-visible:ring-ring/50 aria-invalid:border-destructive aria-invalid:ring-destructive/20 dark:bg-input/30 dark:aria-invalid:ring-destructive/40 flex field-sizing-content min-h-16 w-full rounded-md border bg-transparent px-3 py-2 text-base shadow-xs transition-[color,box-shadow] outline-none focus-visible:ring-[3px] disabled:cursor-not-allowed disabled:opacity-50 md:text-sm\"\u001b[39m\n    \u001b[33mdata-field\u001b[39m=\u001b[32m\"notes\"\u001b[39m\n    \u001b[33mdata-slot\u001b[39m=\u001b[32m\"textarea\"\u001b[39m\n    \u001b[33mid\u001b[39m=\u001b[32m\"_r_1d_-form-item\"\u001b[39m\n    \u001b[33mmaxlength\u001b[39m=\u001b[32m\"2000\"\u001b[39m\n    \u001b[33mname\u001b[39m=\u001b[32m\"notes\"\u001b[39m\n    \u001b[33mplaceholder\u001b[39m=\u001b[32m\"\"\u001b[39m\n    \u001b[33mrows\u001b[39m=\u001b[32m\"4\"\u001b[39m\n  \u001b[36m/>\u001b[39m\n\n  --------------------------------------------------\n  checkbox:\n\n  Name \"Confidential (details not for look ahead)\":\n  \u001b[36m<button\u001b[39m\n    \u001b[33maria-checked\u001b[39m=\u001b[32m\"false\"\u001b[39m\n    \u001b[33maria-describedby\u001b[39m=\u001b[32m\"_r_v_-form-item-description\"\u001b[39m\n    \u001b[33maria-invalid\u001b[39m=\u001b[32m\"false\"\u001b[39m\n    \u001b[33mclass\u001b[39m=\u001b[32m\"peer border-input ring-offset-background focus-visible:ring-ring h-4 w-4 shrink-0 rounded-sm border focus-visible:ring-2 focus-visible:ring-offset-2 focus-visible:outline-none disabled:cursor-not-allowed disabled:opacity-50 data-[state=checked]:border-[#0F6CBD]\"\u001b[39m\n    \u001b[33mdata-field\u001b[39m=\u001b[32m\"isConfidential\"\u001b[39m\n    \u001b[33mdata-state\u001b[39m=\u001b[32m\"unchecked\"\u001b[39m\n    \u001b[33mid\u001b[39m=\u001b[32m\"_r_v_-form-item\"\u001b[39m\n    \u001b[33mrole\u001b[39m=\u001b[32m\"checkbox\"\u001b[39m\n    \u001b[33mtype\u001b[39m=\u001b[32m\"button\"\u001b[39m\n    \u001b[33mvalue\u001b[39m=\u001b[32m\"on\"\u001b[39m\n  \u001b[36m/>\u001b[39m\n\n  Name \"Issue\":\n  \u001b[36m<button\u001b[39m\n    \u001b[33maria-checked\u001b[39m=\u001b[32m\"false\"\u001b[39m\n    \u001b[33maria-describedby\u001b[39m=\u001b[32m\"_r_10_-form-item-description\"\u001b[39m\n    \u001b[33maria-invalid\u001b[39m=\u001b[32m\"false\"\u001b[39m\n    \u001b[33mclass\u001b[39m=\u001b[32m\"peer border-input ring-offset-background focus-visible:ring-ring h-4 w-4 shrink-0 rounded-sm border focus-visible:ring-2 focus-visible:ring-offset-2 focus-visible:outline-none disabled:cursor-not-allowed disabled:opacity-50 data-[state=checked]:border-[#0F6CBD]\"\u001b[39m\n    \u001b[33mdata-field\u001b[39m=\u001b[32m\"isIssue\"\u001b[39m\n    \u001b[33mdata-state\u001b[39m=\u001b[32m\"unchecked\"\u001b[39m\n    \u001b[33mid\u001b[39m=\u001b[32m\"_r_10_-form-item\"\u001b[39m\n    \u001b[33mrole\u001b[39m=\u001b[32m\"checkbox\"\u001b[39m\n    \u001b[33mtype\u001b[39m=\u001b[32m\"button\"\u001b[39m\n    \u001b[33mvalue\u001b[39m=\u001b[32m\"on\"\u001b[39m\n  \u001b[36m/>\u001b[39m\n\n  --------------------------------------------------\n  group:\n\n  Name \"\":\n  \u001b[36m<div\u001b[39m\n    \u001b[33mclass\u001b[39m=\u001b[32m\"group/input-group border-input dark:bg-input/30 relative flex items-center rounded-md border shadow-xs transition-[color,box-shadow] outline-none h-(--input-height) min-w-0 has-[>textarea]:h-auto has-[>[data-align=inline-start]]:[&>input]:pl-2 has-[>[data-align=inline-end]]:[&>input]:pr-2 has-[>[data-align=block-start]]:h-auto has-[>[data-align=block-start]]:flex-col has-[>[data-align=block-start]]:[&>input]:pb-3 has-[>[data-align=block-end]]:h-auto has-[>[data-align=block-end]]:flex-col has-[>[data-align=block-end]]:[&>input]:pt-3 has-[[data-slot=input-group-control]:focus-visible]:border-ring has-[[data-slot=input-group-control]:focus-visible]:ring-ring/50 has-[[data-slot=input-group-control]:focus-visible]:ring-[3px] has-[[data-slot][aria-invalid=true]]:border-destructive has-[[data-slot][aria-invalid=true]]:ring-destructive/20 dark:has-[[data-slot][aria-invalid=true]]:ring-destructive/40 w-auto\"\u001b[39m\n    \u001b[33mdata-field\u001b[39m=\u001b[32m\"leadTeamId\"\u001b[39m\n    \u001b[33mdata-slot\u001b[39m=\u001b[32m\"input-group\"\u001b[39m\n    \u001b[33mrole\u001b[39m=\u001b[32m\"group\"\u001b[39m\n  \u001b[36m/>\u001b[39m\n\n  Name \"\":\n  \u001b[36m<div\u001b[39m\n    \u001b[33mclass\u001b[39m=\u001b[32m\"flex h-auto cursor-text items-center justify-center gap-2 py-1.5 text-sm font-medium text-muted-foreground select-none group-data-[disabled=true]/input-group:opacity-50 [&>kbd]:rounded-[calc(var(--radius)-5px)] [&>svg:not([class*='size-'])]:size-4 order-last pr-3 has-[>button]:mr-[-0.45rem] has-[>kbd]:mr-[-0.35rem]\"\u001b[39m\n    \u001b[33mdata-align\u001b[39m=\u001b[32m\"inline-end\"\u001b[39m\n    \u001b[33mdata-slot\u001b[39m=\u001b[32m\"input-group-addon\"\u001b[39m\n    \u001b[33mrole\u001b[39m=\u001b[32m\"group\"\u001b[39m\n  \u001b[36m/>\u001b[39m\n\n  Name \"\":\n  \u001b[36m<div\u001b[39m\n    \u001b[33mclass\u001b[39m=\u001b[32m\"group/input-group border-input dark:bg-input/30 relative flex items-center rounded-md border shadow-xs transition-[color,box-shadow] outline-none h-(--input-height) min-w-0 has-[>textarea]:h-auto has-[>[data-align=inline-start]]:[&>input]:pl-2 has-[>[data-align=inline-end]]:[&>input]:pr-2 has-[>[data-align=block-start]]:h-auto has-[>[data-align=block-start]]:flex-col has-[>[data-align=block-start]]:[&>input]:pb-3 has-[>[data-align=block-end]]:h-auto has-[>[data-align=block-end]]:flex-col has-[>[data-align=block-end]]:[&>input]:pt-3 has-[[data-slot=input-group-control]:focus-visible]:border-ring has-[[data-slot=input-group-control]:focus-visible]:ring-ring/50 has-[[data-slot=input-group-control]:focus-visible]:ring-[3px] has-[[data-slot][aria-invalid=true]]:border-destructive has-[[data-slot][aria-invalid=true]]:ring-destructive/20 dark:has-[[data-slot][aria-invalid=true]]:ring-destructive/40 w-full\"\u001b[39m\n    \u001b[33mdata-slot\u001b[39m=\u001b[32m\"input-group\"\u001b[39m\n    \u001b[33mrole\u001b[39m=\u001b[32m\"group\"\u001b[39m\n  \u001b[36m/>\u001b[39m\n\n  Name \"\":\n  \u001b[36m<div\u001b[39m\n    \u001b[33mclass\u001b[39m=\u001b[32m\"flex h-auto cursor-text items-center justify-center gap-2 py-1.5 text-sm font-medium text-muted-foreground select-none group-data-[disabled=true]/input-group:opacity-50 [&>kbd]:rounded-[calc(var(--radius)-5px)] [&>svg:not([class*='size-'])]:size-4 order-last pr-3 has-[>button]:mr-[-0.45rem] has-[>kbd]:mr-[-0.35rem]\"\u001b[39m\n    \u001b[33mdata-align\u001b[39m=\u001b[32m\"inline-end\"\u001b[39m\n    \u001b[33mdata-slot\u001b[39m=\u001b[32m\"input-group-addon\"\u001b[39m\n    \u001b[33mrole\u001b[39m=\u001b[32m\"group\"\u001b[39m\n  \u001b[36m/>\u001b[39m\n\n  --------------------------------------------------\n  button:\n\n  Name \"\":\n  \u001b[36m<button\u001b[39m\n    \u001b[33maria-expanded\u001b[39m=\u001b[32m\"false\"\u001b[39m\n    \u001b[33maria-haspopup\u001b[39m=\u001b[32m\"listbox\"\u001b[39m\n    \u001b[33mclass\u001b[39m=\u001b[32m\"shrink-0 justify-center font-medium whitespace-nowrap transition-all outline-none focus-visible:border-ring focus-visible:ring-[3px] focus-visible:ring-ring/50 disabled:pointer-events-none disabled:opacity-50 aria-invalid:border-destructive aria-invalid:ring-destructive/20 dark:aria-invalid:ring-destructive/40 [&_svg]:pointer-events-none [&_svg]:shrink-0 [&_svg:not([class*='size-'])]:size-4 hover:bg-accent hover:text-accent-foreground dark:hover:bg-accent/50 flex items-center gap-2 text-sm shadow-none size-6 rounded-[calc(var(--radius)-5px)] p-0 has-[>svg]:p-0 group-has-data-[slot=combobox-clear]/input-group:hidden data-pressed:bg-transparent\"\u001b[39m\n    \u001b[33mdata-size\u001b[39m=\u001b[32m\"icon-xs\"\u001b[39m\n    \u001b[33mdata-slot\u001b[39m=\u001b[32m\"input-group-button\"\u001b[39m\n    \u001b[33mdata-variant\u001b[39m=\u001b[32m\"ghost\"\u001b[39m\n    \u001b[33mtabindex\u001b[39m=\u001b[32m\"-1\"\u001b[39m\n    \u001b[33mtype\u001b[39m=\u001b[32m\"button\"\u001b[39m\n  \u001b[36m/>\u001b[39m\n\n  Name \"Open\":\n  \u001b[36m<button\u001b[39m\n    \u001b[33maria-disabled\u001b[39m=\u001b[32m\"false\"\u001b[39m\n    \u001b[33maria-label\u001b[39m=\u001b[32m\"Open\"\u001b[39m\n    \u001b[33mclass\u001b[39m=\u001b[32m\"shrink-0 justify-center font-medium whitespace-nowrap transition-all outline-none focus-visible:border-ring focus-visible:ring-[3px] focus-visible:ring-ring/50 disabled:pointer-events-none disabled:opacity-50 aria-invalid:border-destructive aria-invalid:ring-destructive/20 dark:aria-invalid:ring-destructive/40 [&_svg]:pointer-events-none [&_svg]:shrink-0 [&_svg:not([class*='size-'])]:size-4 hover:bg-accent hover:text-accent-foreground dark:hover:bg-accent/50 flex items-center gap-2 text-sm shadow-none size-6 rounded-[calc(var(--radius)-5px)] p-0 has-[>svg]:p-0\"\u001b[39m\n    \u001b[33mdata-size\u001b[39m=\u001b[32m\"icon-xs\"\u001b[39m\n    \u001b[33mdata-slot\u001b[39m=\u001b[32m\"button\"\u001b[39m\n    \u001b[33mdata-variant\u001b[39m=\u001b[32m\"ghost\"\u001b[39m\n    \u001b[33mtype\u001b[39m=\u001b[32m\"button\"\u001b[39m\n  \u001b[36m/>\u001b[39m\n\n  Name \"Select pitch date\":\n  \u001b[36m<button\u001b[39m\n    \u001b[33maria-expanded\u001b[39m=\u001b[32m\"false\"\u001b[39m\n    \u001b[33maria-haspopup\u001b[39m=\u001b[32m\"dialog\"\u001b[39m\n    \u001b[33mclass\u001b[39m=\u001b[32m\"inline-flex shrink-0 items-center gap-2 rounded-md text-sm whitespace-nowrap transition-all outline-none focus-visible:border-ring focus-visible:ring-[3px] focus-visible:ring-ring/50 disabled:pointer-events-none disabled:opacity-50 aria-invalid:border-destructive aria-invalid:ring-destructive/20 dark:aria-invalid:ring-destructive/40 [&_svg]:pointer-events-none [&_svg]:shrink-0 [&_svg:not([class*='size-'])]:size-4 border bg-background shadow-xs hover:bg-accent hover:text-accent-foreground dark:border-input dark:bg-input/30 dark:hover:bg-input/50 h-(--input-height) px-4 py-2 has-[>svg]:px-3 justify-start text-left font-normal w-full min-w-0 text-muted-foreground\"\u001b[39m\n    \u001b[33mdata-size\u001b[39m=\u001b[32m\"input\"\u001b[39m\n    \u001b[33mdata-slot\u001b[39m=\u001b[32m\"button\"\u001b[39m\n    \u001b[33mdata-state\u001b[39m=\u001b[32m\"closed\"\u001b[39m\n    \u001b[33mdata-variant\u001b[39m=\u001b[32m\"outline\"\u001b[39m\n    \u001b[33mtype\u001b[39m=\u001b[32m\"button\"\u001b[39m\n  \u001b[36m/>\u001b[39m\n\n  --------------------------------------------------\n\nIgnored nodes: comments, script, style\n\u001b[36m<body>\u001b[39m\n  \u001b[36m<div>\u001b[39m\n    \u001b[36m<div\u001b[39m\n      \u001b[33mclass\u001b[39m=\u001b[32m\"space-y-6 rounded-md border border-gray-300 p-6\"\u001b[39m\n    \u001b[36m>\u001b[39m\n      \u001b[36m<h2\u001b[39m\n        \u001b[33mclass\u001b[39m=\u001b[32m\"text-md pb-3 font-semibold\"\u001b[39m\n      \u001b[36m>\u001b[39m\n        \u001b[0mOverview\u001b[0m\n      \u001b[36m</h2>\u001b[39m\n      \u001b[36m<div\u001b[39m\n        \u001b[33mclass\u001b[39m=\u001b[32m\"space-y-6\"\u001b[39m\n      \u001b[36m>\u001b[39m\n        \u001b[36m<div\u001b[39m\n          \u001b[33mclass\u001b[39m=\u001b[32m\"space-y-2\"\u001b[39m\n        \u001b[36m>\u001b[39m\n          \u001b[36m<label\u001b[39m\n            \u001b[33mclass\u001b[39m=\u001b[32m\"text-sm font-medium leading-none peer-disabled:cursor-not-allowed peer-disabled:opacity-70 flex items-center gap-2 min-h-[18px]\"\u001b[39m\n            \u001b[33mfor\u001b[39m=\u001b[32m\"_r_p_-form-item\"\u001b[39m\n          \u001b[36m>\u001b[39m\n            \u001b[36m<span\u001b[39m\n              \u001b[33mclass\u001b[39m=\u001b[32m\"inline-flex items-center gap-1\"\u001b[39m\n            \u001b[36m>\u001b[39m\n              \u001b[0mCategory\u001b[0m\n              \u001b[36m<span\u001b[39m\n                \u001b[33maria-hidden\u001b[39m=\u001b[32m\"true\"\u001b[39m\n                \u001b[33mclass\u001b[39m=\u001b[32m\"text-required-field-indicator font-semibold inline\"\u001b[39m\n              \u001b[36m>\u001b[39m\n                \u001b[0m*\u001b[0m\n              \u001b[36m</span>\u001b[39m\n            \u001b[36m</span>\u001b[39m\n          \u001b[36m</label>\u001b[39m\n          \u001b[36m<div\u001b[39m\n            \u001b[33mclass\u001b[39m=\u001b[32m\"border-input focus-within:border-ring focus-within:ring-ring/50 has-aria-invalid:border-destructive has-aria-invalid:ring-destructive/20 dark:bg-input/30 dark:has-aria-invalid:border-destructive/50 dark:has-aria-invalid:ring-destructive/40 flex min-h-(--input-height) flex-wrap items-center gap-1.5 rounded-md border bg-transparent bg-clip-padding px-2.5 py-1.5 text-sm shadow-xs transition-[color,box-shadow] focus-within:ring-[3px] has-aria-invalid:ring-[3px] has-data-[slot=combobox-chip]:px-1.5 w-full\"\u001b[39m\n            \u001b[33mdata-field\u001b[39m=\u001b[32m\"categoryIds\"\u001b[39m\n            \u001b[33mdata-slot\u001b[39m=\u001b[32m\"combobox-chips\"\u001b[39m\n          \u001b[36m>\u001b[39m\n            \u001b[36m<input\u001b[39m\n              \u001b[33maria-autocomplete\u001b[39m=\u001b[32m\"list\"\u001b[39m\n              \u001b[33maria-expanded\u001b[39m=\u001b[32m\"false\"\u001b[39m\n              \u001b[33maria-haspopup\u001b[39m=\u001b[32m\"listbox\"\u001b[39m\n              \u001b[33mautocapitalize\u001b[39m=\u001b[32m\"none\"\u001b[39m\n              \u001b[33mautocomplete\u001b[39m=\u001b[32m\"off\"\u001b[39m\n              \u001b[33mautocorrect\u001b[39m=\u001b[32m\"off\"\u001b[39m\n              \u001b[33mclass\u001b[39m=\u001b[32m\"min-w-16 flex-1 outline-none\"\u001b[39m\n              \u001b[33mdata-slot\u001b[39m=\u001b[32m\"combobox-chip-input\"\u001b[39m\n              \u001b[33mid\u001b[39m=\u001b[32m\"_r_p_-form-item\"\u001b[39m\n              \u001b[33mplaceholder\u001b[39m=\u001b[32m\"\"\u001b[39m\n              \u001b[33mrole\u001b[39m=\u001b[32m\"combobox\"\u001b[39m\n              \u001b[33mspellcheck\u001b[39m=\u001b[32m\"false\"\u001b[39m\n              \u001b[33mtype\u001b[39m=\u001b[32m\"text\"\u001b[39m\n              \u001b[33mvalue\u001b[39m=\u001b[32m\"\"\u001b[39m\n            \u001b[36m/>\u001b[39m\n          \u001b[36m</div>\u001b[39m\n          \u001b[36m<input\u001b[39m\n            \u001b[33maria-hidden\u001b[39m=\u001b[32m\"true\"\u001b[39m\n            \u001b[33mid\u001b[39m=\u001b[32m\"_r_p_-form-item-hidden-input\"\u001b[39m\n            \u001b[33mstyle\u001b[39m=\u001b[32m\"clip-path: inset(50%); overflow: hidden; white-space: nowrap; border: 0px; padding: 0px; width: 1px; height: 1px; margin: -1px; position: fixed; top: 0px; left: 0px;\"\u001b[39m\n            \u001b[33mtabindex\u001b[39m=\u001b[32m\"-1\"\u001b[39m\n            \u001b[33mvalue\u001b[39m=\u001b[32m\"\"\u001b[39m\n          \u001b[36m/>\u001b[39m\n        \u001b[36m</div>\u001b[39m\n        \u001b[36m<div\u001b[39m\n          \u001b[33mclass\u001b[39m=\u001b[32m\"space-y-2\"\u001b[39m\n        \u001b[36m>\u001b[39m\n          \u001b[36m<label\u001b[39m\n            \u001b[33mclass\u001b[39m=\u001b[32m\"text-sm font-medium leading-none peer-disabled:cursor-not-allowed peer-disabled:opacity-70 flex items-center gap-2 min-h-[18px]\"\u001b[39m\n            \u001b[33mfor\u001b[39m=\u001b[32m\"_r_t_-form-item\"\u001b[39m\n          \u001b[36m>\u001b[39m\n            \u001b[36m<span\u001b[39m\n              \u001b[33mclass\u001b[39m=\u001b[32m\"inline-flex items-center gap-1\"\u001b[39m\n            \u001b[36m>\u001b[39m\n              \u001b[0mTitle\u001b[0m\n              \u001b[36m<span\u001b[39m\n                \u001b[33maria-hidden\u001b[39m=\u001b[32m\"true\"\u001b[39m\n                \u001b[33mclass\u001b[39m=\u001b[32m\"text-required-field-indicator font-semibold inline\"\u001b[39m\n              \u001b[36m>\u001b[39m\n                \u001b[0m*\u001b[0m\n              \u001b[36m</span>\u001b[39m\n            \u001b[36m</span>\u001b[39m\n          \u001b[36m</label>\u001b[39m\n          \u001b[36m<textarea\u001b[39m\n            \u001b[33maria-describedby\u001b[39m=\u001b[32m\"_r_t_-form-item-description\"\u001b[39m\n            \u001b[33maria-invalid\u001b[39m=\u001b[32m\"false\"\u001b[39m\n            \u001b[33maria-required\u001b[39m=\u001b[32m\"true\"\u001b[39m\n            \u001b[33mclass\u001b[39m=\u001b[32m\"border-input placeholder:text-muted-foreground focus-visible:border-ring focus-visible:ring-ring/50 aria-invalid:border-destructive aria-invalid:ring-destructive/20 dark:bg-input/30 dark:aria-invalid:ring-destructive/40 flex field-sizing-content min-h-16 w-full rounded-md border bg-transparent px-3 py-2 text-base shadow-xs transition-[color,box-shadow] outline-none focus-visible:ring-[3px] disabled:cursor-not-allowed disabled:opacity-50 md:text-sm\"\u001b[39m\n            \u001b[33mdata-field\u001b[39m=\u001b[32m\"title\"\u001b[39m\n            \u001b[33mdata-slot\u001b[39m=\u001b[32m\"textarea\"\u001b[39m\n            \u001b[33mid\u001b[39m=\u001b[32m\"_r_t_-form-item\"\u001b[39m\n            \u001b[33mname\u001b[39m=\u001b[32m\"title\"\u001b[39m\n            \u001b[33mplaceholder\u001b[39m=\u001b[32m\"\"\u001b[39m\n            \u001b[33mrows\u001b[39m=\u001b[32m\"2\"\u001b[39m\n          \u001b[36m/>\u001b[39m\n        \u001b[36m</div>\u001b[39m\n        \u001b[36m<div\u001b[39m\n          \u001b[33mclass\u001b[39m=\u001b[32m\"space-y-2\"\u001b[39m\n        \u001b[36m>\u001b[39m\n          \u001b[36m<label\u001b[39m\n            \u001b[33mclass\u001b[39m=\u001b[32m\"text-sm font-medium leading-none peer-disabled:cursor-not-allowed peer-disabled:opacity-70 flex items-center gap-2 min-h-[18px]\"\u001b[39m\n            \u001b[33mfor\u001b[39m=\u001b[32m\"_r_u_-form-item\"\u001b[39m\n          \u001b[36m>\u001b[39m\n            \u001b[36m<span\u001b[39m\n              \u001b[33mclass\u001b[39m=\u001b[32m\"inline-flex items-center gap-1\"\u001b[39m\n            \u001b[36m>\u001b[39m\n              \u001b[0mSummary\u001b[0m\n              \u001b[36m<span\u001b[39m\n                \u001b[33maria-hidden\u001b[39m=\u001b[32m\"true\"\u001b[39m\n                \u001b[33mclass\u001b[39m=\u001b[32m\"text-required-field-indicator font-semibold inline\"\u001b[39m\n              \u001b[36m>\u001b[39m\n                \u001b[0m*
[...]
\"\u001b[39m\n    \u001b[33mrole\u001b[39m=\u001b[32m\"checkbox\"\u001b[39m\n    \u001b[33mtype\u001b[39m=\u001b[32m\"button\"\u001b[39m\n    \u001b[33mvalue\u001b[39m=\u001b[32m\"on\"\u001b[39m\n  \u001b[36m/>\u001b[39m\n\n  Name \"Issue\":\n  \u001b[36m<button\u001b[39m\n    \u001b[33maria-checked\u001b[39m=\u001b[32m\"false\"\u001b[39m\n    \u001b[33maria-describedby\u001b[39m=\u001b[32m\"_r_2i_-form-item-description\"\u001b[39m\n    \u001b[33maria-invalid\u001b[39m=\u001b[32m\"false\"\u001b[39m\n    \u001b[33mclass\u001b[39m=\u001b[32m\"peer border-input ring-offset-background focus-visible:ring-ring h-4 w-4 shrink-0 rounded-sm border focus-visible:ring-2 focus-visible:ring-offset-2 focus-visible:outline-none disabled:cursor-not-allowed disabled:opacity-50 data-[state=checked]:border-[#0F6CBD]\"\u001b[39m\n    \u001b[33mdata-field\u001b[39m=\u001b[32m\"isIssue\"\u001b[39m\n    \u001b[33mdata-state\u001b[39m=\u001b[32m\"unchecked\"\u001b[39m\n    \u001b[33mid\u001b[39m=\u001b[32m\"_r_2i_-form-item\"\u001b[39m\n    \u001b[33mrole\u001b[39m=\u001b[32m\"checkbox\"\u001b[39m\n    \u001b[33mtype\u001b[39m=\u001b[32m\"button\"\u001b[39m\n    \u001b[33mvalue\u001b[39m=\u001b[32m\"on\"\u001b[39m\n  \u001b[36m/>\u001b[39m\n\n  --------------------------------------------------\n  group:\n\n  Name \"\":\n  \u001b[36m<div\u001b[39m\n    \u001b[33mclass\u001b[39m=\u001b[32m\"group/input-group border-input dark:bg-input/30 relative flex items-center rounded-md border shadow-xs transition-[color,box-shadow] outline-none h-(--input-height) min-w-0 has-[>textarea]:h-auto has-[>[data-align=inline-start]]:[&>input]:pl-2 has-[>[data-align=inline-end]]:[&>input]:pr-2 has-[>[data-align=block-start]]:h-auto has-[>[data-align=block-start]]:flex-col has-[>[data-align=block-start]]:[&>input]:pb-3 has-[>[data-align=block-end]]:h-auto has-[>[data-align=block-end]]:flex-col has-[>[data-align=block-end]]:[&>input]:pt-3 has-[[data-slot=input-group-control]:focus-visible]:border-ring has-[[data-slot=input-group-control]:focus-visible]:ring-ring/50 has-[[data-slot=input-group-control]:focus-visible]:ring-[3px] has-[[data-slot][aria-invalid=true]]:border-destructive has-[[data-slot][aria-invalid=true]]:ring-destructive/20 dark:has-[[data-slot][aria-invalid=true]]:ring-destructive/40 w-auto\"\u001b[39m\n    \u001b[33mdata-field\u001b[39m=\u001b[32m\"leadTeamId\"\u001b[39m\n    \u001b[33mdata-slot\u001b[39m=\u001b[32m\"input-group\"\u001b[39m\n    \u001b[33mrole\u001b[39m=\u001b[32m\"group\"\u001b[39m\n  \u001b[36m/>\u001b[39m\n\n  Name \"\":\n  \u001b[36m<div\u001b[39m\n    \u001b[33mclass\u001b[39m=\u001b[32m\"flex h-auto cursor-text items-center justify-center gap-2 py-1.5 text-sm font-medium text-muted-foreground select-none group-data-[disabled=true]/input-group:opacity-50 [&>kbd]:rounded-[calc(var(--radius)-5px)] [&>svg:not([class*='size-'])]:size-4 order-last pr-3 has-[>button]:mr-[-0.45rem] has-[>kbd]:mr-[-0.35rem]\"\u001b[39m\n    \u001b[33mdata-align\u001b[39m=\u001b[32m\"inline-end\"\u001b[39m\n    \u001b[33mdata-slot\u001b[39m=\u001b[32m\"input-group-addon\"\u001b[39m\n    \u001b[33mrole\u001b[39m=\u001b[32m\"group\"\u001b[39m\n  \u001b[36m/>\u001b[39m\n\n  Name \"\":\n  \u001b[36m<div\u001b[39m\n    \u001b[33mclass\u001b[39m=\u001b[32m\"group/input-group border-input dark:bg-input/30 relative flex items-center rounded-md border shadow-xs transition-[color,box-shadow] outline-none h-(--input-height) min-w-0 has-[>textarea]:h-auto has-[>[data-align=inline-start]]:[&>input]:pl-2 has-[>[data-align=inline-end]]:[&>input]:pr-2 has-[>[data-align=block-start]]:h-auto has-[>[data-align=block-start]]:flex-col has-[>[data-align=block-start]]:[&>input]:pb-3 has-[>[data-align=block-end]]:h-auto has-[>[data-align=block-end]]:flex-col has-[>[data-align=block-end]]:[&>input]:pt-3 has-[[data-slot=input-group-control]:focus-visible]:border-ring has-[[data-slot=input-group-control]:focus-visible]:ring-ring/50 has-[[data-slot=input-group-control]:focus-visible]:ring-[3px] has-[[data-slot][aria-invalid=true]]:border-destructive has-[[data-slot][aria-invalid=true]]:ring-destructive/20 dark:has-[[data-slot][aria-invalid=true]]:ring-destructive/40 w-full\"\u001b[39m\n    \u001b[33mdata-slot\u001b[39m=\u001b[32m\"input-group\"\u001b[39m\n    \u001b[33mrole\u001b[39m=\u001b[32m\"group\"\u001b[39m\n  \u001b[36m/>\u001b[39m\n\n  Name \"\":\n  \u001b[36m<div\u001b[39m\n    \u001b[33mclass\u001b[39m=\u001b[32m\"flex h-auto cursor-text items-center justify-center gap-2 py-1.5 text-sm font-medium text-muted-foreground select-none group-data-[disabled=true]/input-group:opacity-50 [&>kbd]:rounded-[calc(var(--radius)-5px)] [&>svg:not([class*='size-'])]:size-4 order-last pr-3 has-[>button]:mr-[-0.45rem] has-[>kbd]:mr-[-0.35rem]\"\u001b[39m\n    \u001b[33mdata-align\u001b[39m=\u001b[32m\"inline-end\"\u001b[39m\n    \u001b[33mdata-slot\u001b[39m=\u001b[32m\"input-group-addon\"\u001b[39m\n    \u001b[33mrole\u001b[39m=\u001b[32m\"group\"\u001b[39m\n  \u001b[36m/>\u001b[39m\n\n  --------------------------------------------------\n\nIgnored nodes: comments, script, style\n\u001b[36m<body>\u001b[39m\n  \u001b[36m<div>\u001b[39m\n    \u001b[36m<div\u001b[39m\n      \u001b[33mclass\u001b[39m=\u001b[32m\"space-y-6 rounded-md border border-gray-300 p-6\"\u001b[39m\n    \u001b[36m>\u001b[39m\n      \u001b[36m<h2\u001b[39m\n        \u001b[33mclass\u001b[39m=\u001b[32m\"text-md pb-3 font-semibold\"\u001b[39m\n      \u001b[36m>\u001b[39m\n        \u001b[0mOverview\u001b[0m\n      \u001b[36m</h2>\u001b[39m\n      \u001b[36m<div\u001b[39m\n        \u001b[33mclass\u001b[39m=\u001b[32m\"space-y-6\"\u001b[39m\n      \u001b[36m>\u001b[39m\n        \u001b[36m<div\u001b[39m\n          \u001b[33mclass\u001b[39m=\u001b[32m\"space-y-2\"\u001b[39m\n        \u001b[36m>\u001b[39m\n          \u001b[36m<label\u001b[39m\n            \u001b[33mclass\u001b[39m=\u001b[32m\"text-sm font-medium leading-none peer-disabled:cursor-not-allowed peer-disabled:opacity-70 flex items-center gap-2 min-h-[18px]\"\u001b[39m\n            \u001b[33mfor\u001b[39m=\u001b[32m\"_r_2b_-form-item\"\u001b[39m\n          \u001b[36m>\u001b[39m\n            \u001b[36m<span\u001b[39m\n              \u001b[33mclass\u001b[39m=\u001b[32m\"inline-flex items-center gap-1\"\u001b[39m\n            \u001b[36m>\u001b[39m\n              \u001b[0mCategory\u001b[0m\n              \u001b[36m<span\u001b[39m\n                \u001b[33maria-hidden\u001b[39m=\u001b[32m\"true\"\u001b[39m\n                \u001b[33mclass\u001b[39m=\u001b[32m\"text-required-field-indicator font-semibold inline\"\u001b[39m\n              \u001b[36m>\u001b[39m\n                \u001b[0m*\u001b[0m\n              \u001b[36m</span>\u001b[39m\n            \u001b[36m</span>\u001b[39m\n          \u001b[36m</label>\u001b[39m\n          \u001b[36m<div\u001b[39m\n            \u001b[33mclass\u001b[39m=\u001b[32m\"border-input focus-within:border-ring focus-within:ring-ring/50 has-aria-invalid:border-destructive has-aria-invalid:ring-destructive/20 dark:bg-input/30 dark:has-aria-invalid:border-destructive/50 dark:has-aria-invalid:ring-destructive/40 flex min-h-(--input-height) flex-wrap items-center gap-1.5 rounded-md border bg-transparent bg-clip-padding px-2.5 py-1.5 text-sm shadow-xs transition-[color,box-shadow] focus-within:ring-[3px] has-aria-invalid:ring-[3px] has-data-[slot=combobox-chip]:px-1.5 w-full\"\u001b[39m\n            \u001b[33mdata-field\u001b[39m=\u001b[32m\"categoryIds\"\u001b[39m\n            \u001b[33mdata-slot\u001b[39m=\u001b[32m\"combobox-chips\"\u001b[39m\n            \u001b[33mrole\u001b[39m=\u001b[32m\"toolbar\"\u001b[39m\n          \u001b[36m>\u001b[39m\n            \u001b[36m<div\u001b[39m\n              \u001b[33mclass\u001b[39m=\u001b[32m\"bg-muted text-foreground flex h-[calc(--spacing(6))] w-fit max-w-full min-w-0 items-center justify-start gap-1 rounded-sm px-1.5 text-sm font-medium truncate has-disabled:pointer-events-none has-disabled:cursor-not-allowed has-disabled:opacity-50 has-data-[slot=combobox-chip-remove]:pr-0\"\u001b[39m\n              \u001b[33mdata-slot\u001b[39m=\u001b[32m\"combobox-chip\"\u001b[39m\n              \u001b[33mtabindex\u001b[39m=\u001b[32m\"-1\"\u001b[39m\n            \u001b[36m>\u001b[39m\n              \u001b[36m<span\u001b[39m\n                \u001b[33mclass\u001b[39m=\u001b[32m\"min-w-0 flex-1 truncate\"\u001b[39m\n              \u001b[36m>\u001b[39m\n                \u001b[0mTeam Category\u001b[0m\n              \u001b[36m</span>\u001b[39m\n              \u001b[36m<button\u001b[39m\n                \u001b[33maria-disabled\u001b[39m=\u001b[32m\"false\"\u001b[39m\n                \u001b[33mclass\u001b[39m=\u001b[32m\"inline-flex shrink-0 items-center justify-center gap-2 text-sm font-medium whitespace-nowrap transition-all outline-none focus-visible:border-ring focus-visible:ring-[3px] focus-visible:ring-ring/50 disabled:pointer-events-none disabled:opacity-50 aria-invalid:border-destructive aria-invalid:ring-destructive/20 dark:aria-invalid:ring-destructive/40 [&_svg]:pointer-events-none [&_svg]:shrink-0 hover:bg-accent hover:text-accent-foreground dark:hover:bg-accent/50 size-6 rounded-md [&_svg:not([class*='size-'])]:size-3 -ml-1 opacity-50 hover:opacity-100\"\u001b[39m\n                \u001b[33mdata-size\u001b[39m=\u001b[32m\"icon-xs\"\u001b[39m\n                \u001b[33mdata-slot\u001b[39m=\u001b[32m\"combobox-chip-remove\"\u001b[39m\n                \u001b[33mdata-variant\u001b[39m=\u001b[32m\"ghost\"\u001b[39m\n                \u001b[33mtabindex\u001b[39m=\u001b[32m\"-1\"\u001b[39m\n                \u001b[33mtype\u001b[39m=\u001b[32m\"button\"\u001b[39m\n              \u001b[36m>\u001b[39m\n                \u001b[36m<svg\u001b[39m\n                  \u001b[33maria-hidden\u001b[39m=\u001b[32m\"true\"\u001b[39m\n                  \u001b[33mclass\u001b[39m=\u001b[32m\"lucide lucide-x pointer-events-none\"\u001b[39m\n                  \u001b[33mfill\u001b[39m=\u001b[32m\"none\"\u001b[39m\n                  \u001b[33mheight\u001b[39m=\u001b[32m\"24\"\u001b[39m\n                  \u001b[33mstroke\u001b[39m=\u001b[32m\"currentColor\"\u001b[39m\n                  \u001b[33mstroke-linecap\u001b[39m=\u001b[32m\"round\"\u001b[39m\n                  \u001b[33mstroke-linejoin\u001b[39m=\u001b[32m\"round\"\u001b[39m\n                  \u001b[33mstroke-width\u001b[39m=\u001b[32m\"2\"\u001b[39m\n                  \u001b[33mviewBox\u001b[39m=\u001b[32m\"0 0 24 24\"\u001b[39m\n                  \u001b[33mwidth\u001b[39m=\u001b[32m\"24\"\u001b[39m\n                  \u001b[33mxmlns\u001b[39m=\u001b[32m\"http://www.w3.org/2000/svg\"\u001b[39m\n                \u001b[36m>\u001b[39m\n                  \u001b[36m<path\u001b[39m\n                    \u001b[33md\u001b[39m=\u001b[32m\"M18 6 6 18\"\u001b[39m\n                  \u001b[36m/>\u001b[39m\n                  \u001b[36m<path\u001b[39m\n                    \u001b[33md\u001b[39m=\u001b[32m\"m6 6 12 12\"\u001b[39m\n                  \u001b[36m/>\u001b[39m\n                \u001b[36m</svg>\u001b[39m\n              \u001b[36m</button>\u001b[39m\n            \u001b[36m</div>\u001b[39m\n            \u001b[36m<input\u001b[39m\n              \u001b[33maria-autocomplete\u001b[39m=\u001b[32m\"list\"\u001b[39m\n              \u001b[33maria-expanded\u001b[39m=\u001b[32m\"false\"\u001b[39m\n              \u001b[33maria-haspopup\u001b[39m=\u001b[32m\"listbox\"\u001b[39m\n              \u001b[33mautocapitalize\u001b[39m=\u001b[32m\"none\"\u001b[39m\n              \u001b[33mautocomplete\u001b[39m=\u001b[32m\"off\"\u001b[39m\n              \u001b[33mautocorrect\u001b[39m=\u001b[32m\"off\"\u001b[39m\n              \u001b[33mclass\u001b[39m=\u001b[32m\"min-w-16 flex-1 outline-none\"\u001b[39m\n              \u001b[33mdata-slot\u001b[39m=\u001b[32m\"combobox-chip-input\"\u001b[39m\n              \u001b[33mid\u001b[39m=\u001b[32m\"_r_2b_-form-item\"\u001b[39m\n              \u001b[33mplaceholder\u001b[39m=\u001b[32m\"\"\u001b[39m\n              \u001b[33mrole\u001b[39m=\u001b[32m\"combobox\"\u001b[39m\n              \u001b[33mspellcheck\u001b[39m=\u001b[32m\"false\"\u001b[39m\n              \u001b[33mtype\u001b[39m=\u001b[32m\"text\"\u001b[39m\n              \u001b[33mvalue\u001b[39m=\u001b[32m\"\"\u001b[39m\n            \u001b[36m/>\u001b[39m\n          \u001b[36m</div>\u001b[39m\n          \u001b[36m<input\u001b[39m\n            \u001b[33maria-hidden\u001b[39m=\u001b[32m\"true\"\u001b[39m\n            \u001b[33mid\u001b[39m=\u001b[32m\"_r_2b_-form-item-hidden-input\"\u001b[39m\n            \u001b[33mstyle\u001b[39m=\u001b[32m\"clip-path: inset(50%); overflow: hidden; white-space: nowrap; border: 0px; padding: 0px; width: 1px; height: 1px; margin: -1px; position: fixed; top: 0px; left: 0px;\"\u001b[39m\n            \u001b[33mtabindex\u001b[39m=\u001b[32m\"-1\"\u001b[39m\n            \u001b[33mvalue\u001b[39m=\u001b[32m\"\"\u001b[39m\n          \u001b[36m/>\u001b[39m\n        \u001b[36m</div>\u001b[39m\n        \u001b[36m<div\u001b[39m\n          \u001b[33mclass\u001b[39m=\u001b[32m\"space-y-2\"\u001b[39m\n        \u001b[36m>\u001b[39m\n          \u001b[36m<label\u001b[39m\n            \u001b[33mclass\u001b[39m=\u001b[32m\"text-sm font-medium leading-none peer-disabled:cursor-not-allowed peer-disabled:opacity-70 flex items-center gap-2 min-h-[18px]\"\u001b[39m\n            \u001b[33mfor\u001b[39m=\u001b[32m\"_r_2f_-form-item\"\u001b[39m\n          \u001b[36m>\u001b[39m\n            \u001b[36m<span\u001b[39m\n              \u001b[33mclass\u001b[39m=\u001b[32m\"inline-flex items-center gap-1\"\u001b[39m\n            \u001b[36m>\u001b[39m\n              \u001b[0mTitle\u001b[0m\n              \u001b[36m<span\u001b[39m\n                \u001b[33maria-hidden\u001b[39m=\u001b[32m\"true\"\u001b[39m\n                \u001b[33mclass\u001b[39m=\u001b[32m\"text-required-field-indicator font-semibold inline\"\u001b[39m\n              \u001b[36m>\u001b[39m\n                \u001b[0m*\u001b[0m\n              \u001b[36m</span>\u001b[39m\n            \u001b[36m</span>\u001b[39m\n          \u001b[36m</label>\u001b[39m\n          \u001b[36m<textarea\u001b[39m\n            \u001b[33maria-describedby\u001b[39m=\u001b[32m\"_r_2f_-form-item-description\"\u001b[39m\n...\n    at Object.getElementError (C:\\Users\\acarmich\\source\\repos\\bcs-marzipan\\node_modules\\@testing-library\\dom\\dist\\config.js:37:19)\n    at C:\\Users\\acarmich\\source\\repos\\bcs-marzipan\\node_modules\\@testing-library\\dom\\dist\\query-helpers.js:76:38\n    at C:\\Users\\acarmich\\source\\repos\\bcs-marzipan\\node_modules\\@testing-library\\dom\\dist\\query-helpers.js:52:17\n    at C:\\Users\\acarmich\\source\\repos\\bcs-marzipan\\node_modules\\@testing-library\\dom\\dist\\query-helpers.js:95:19\n    at openCategoryPicklist (C:/Users/acarmich/source/repos/bcs-marzipan/calendar-ui/src/components/activity/ActivityFormSections/ActivityOverviewSection.picklist.test.tsx:138:24)\n    at C:/Users/acarmich/source/repos/bcs-marzipan/calendar-ui/src/components/activity/ActivityFormSections/ActivityOverviewSection.picklist.test.tsx:202:11\n    at file:///C:/Users/acarmich/source/repos/bcs-marzipan/node_modules/@vitest/runner/dist/chunk-artifact.js:302:11\n    at file:///C:/Users/acarmich/source/repos/bcs-marzipan/node_modules/@vitest/runner/dist/chunk-artifact.js:1903:26\n    at file:///C:/Users/acarmich/source/repos/bcs-marzipan/node_modules/@vitest/runner/dist/chunk-artifact.js:2326:20\n    at new Promise (<anonymous>)"
          ],
          "meta": {},
          "tags": []
        },
        {
          "ancestorTitles": [
            "ActivityOverviewSection lookup picklist selectability"
          ],
          "fullName": "ActivityOverviewSection lookup picklist selectability hides non-selectable team tags from the dropdown",
          "status": "passed",
          "title": "hides non-selectable team tags from the dropdown",
          "duration": 264.62720000000263,
          "failureMessages": [],
          "meta": {},
          "tags": []
        },
        {
          "ancestorTitles": [
            "ActivityOverviewSection lookup picklist selectability"
          ],
          "fullName": "ActivityOverviewSection lookup picklist selectability shows all tags for CREATE_ANY users",
          "status": "passed",
          "title": "shows all tags for CREATE_ANY users",
          "duration": 250.54579999999987,
          "failureMessages": [],
          "meta": {},
          "tags": []
        }
      ],
      "startTime": 1789681705791,
      "endTime": 1789681708114.546,
      "status": "failed",
      "message": "",
      "name": "C:/Users/acarmich/source/repos/bcs-marzipan/calendar-ui/src/components/activity/ActivityFormSections/ActivityOverviewSection.picklist.test.tsx"
    },
    {
      "assertionResults": [
        {
          "ancestorTitles": ["ActivityReleaseSection permissions"],
          "fullName": "ActivityReleaseSection permissions renders news release selects as readOnly when activity is view-only",
          "status": "passed",
          "title": "renders news release selects as readOnly when activity is view-only",
          "duration": 354.85440000000017,
          "failureMessages": [],
          "meta": {},
          "tags": []
        },
        {
          "ancestorTitles": ["ActivityReleaseSection permissions"],
          "fullName": "ActivityReleaseSection permissions disables translation languages when field scope forbids edit",
          "status": "passed",
          "title": "disables translation languages when field scope forbids edit",
          "duration": 179.221800000003,
          "failureMessages": [],
          "meta": {},
          "tags": []
        },
        {
          "ancestorTitles": [
            "ActivityReleaseSection translation languages visibility"
          ],
          "fullName": "ActivityReleaseSection translation languages visibility hides translation languages when status is not Required",
          "status": "passed",
          "title": "hides translation languages when status is not Required",
          "duration": 99.6859000000004,
          "failureMessages": [],
          "meta": {},
          "tags": []
        },
        {
          "ancestorTitles": [
            "ActivityReleaseSection translation languages visibility"
          ],
          "fullName": "ActivityReleaseSection translation languages visibility shows translation languages when status is Required",
          "status": "passed",
          "title": "shows translation languages when status is Required",
          "duration": 157.55719999999928,
          "failureMessages": [],
          "meta": {},
          "tags": []
        },
        {
          "ancestorTitles": [
            "ActivityReleaseSection translation status change"
          ],
          "fullName": "ActivityReleaseSection translation status change clears translation languages when status changes away from required",
          "status": "passed",
          "title": "clears translation languages when status changes away from required",
          "duration": 452.1383999999998,
          "failureMessages": [],
          "meta": {},
          "tags": []
        },
        {
          "ancestorTitles": [
            "ActivityReleaseSection translation status change"
          ],
          "fullName": "ActivityReleaseSection translation status change preserves translation languages when required status lookup is unresolved",
          "status": "passed",
          "title": "preserves translation languages when required status lookup is unresolved",
          "duration": 331.4624999999978,
          "failureMessages": [],
          "meta": {},
          "tags": []
        }
      ],
      "startTime": 1789681693881,
      "endTime": 1789681695457.4624,
      "status": "passed",
      "message": "",
      "name": "C:/Users/acarmich/source/repos/bcs-marzipan/calendar-ui/src/components/activity/ActivityFormSections/ActivityReleaseSection.test.tsx"
    }
  ]
}
